\BOOKMARK [0][-]{dummy.4}{\376\377\000A\000c\000k\000n\000o\000w\000l\000e\000d\000g\000e\000m\000e\000n\000t\000s}{}% 1
\BOOKMARK [0][-]{chapter.5}{\376\377\0001\000\040\000I\000n\000t\000r\000o\000d\000u\000c\000t\000i\000o\000n}{}% 2
\BOOKMARK [0][-]{chapter.14}{\376\377\0002\000\040\000Q\000u\000e\000s\000t\000i\000o\000n\000s\000\040\000f\000o\000r\000\040\000S\000p\000a\000t\000i\000o\000-\000t\000e\000m\000p\000o\000r\000a\000l\000\040\000D\000a\000t\000a}{}% 3
\BOOKMARK [1][-]{section.15}{\376\377\0002\000.\0001\000\040\000C\000u\000r\000r\000e\000n\000t\000\040\000A\000p\000p\000r\000o\000a\000c\000h\000e\000s\000\040\000t\000o\000\040\000Q\000u\000e\000s\000t\000i\000o\000n\000s}{chapter.14}% 4
\BOOKMARK [1][-]{section.16}{\376\377\0002\000.\0002\000\040\000T\000e\000m\000p\000o\000r\000a\000l\000\040\000T\000h\000e\000o\000r\000y}{chapter.14}% 5
\BOOKMARK [2][-]{subsection.17}{\376\377\0002\000.\0002\000.\0001\000\040\000T\000i\000m\000e\000\040\000P\000e\000r\000c\000e\000p\000t\000i\000o\000n}{section.16}% 6
\BOOKMARK [2][-]{subsection.18}{\376\377\0002\000.\0002\000.\0002\000\040\000T\000e\000m\000p\000o\000r\000a\000l\000\040\000S\000o\000c\000i\000e\000t\000y}{section.16}% 7
\BOOKMARK [2][-]{subsection.19}{\376\377\0002\000.\0002\000.\0003\000\040\000T\000h\000e\000\040\000P\000a\000s\000t\000\040\000i\000n\000\040\000t\000h\000e\000\040\000P\000a\000s\000t}{section.16}% 8
\BOOKMARK [3][-]{subsubsection.20}{\376\377\0002\000.\0002\000.\0003\000.\0001\000\040\000O\000r\000i\000g\000i\000n\000\040\000M\000y\000t\000h\000s}{subsection.19}% 9
\BOOKMARK [3][-]{subsubsection.21}{\376\377\0002\000.\0002\000.\0003\000.\0002\000\040\000I\000n\000h\000e\000r\000i\000t\000a\000n\000c\000e\000\040\000o\000f\000\040\000t\000h\000e\000\040\000P\000a\000s\000t}{subsection.19}% 10
\BOOKMARK [3][-]{subsubsection.22}{\376\377\0002\000.\0002\000.\0003\000.\0003\000\040\000T\000h\000e\000\040\000F\000u\000t\000u\000r\000e\000\040\000i\000n\000\040\000t\000h\000e\000\040\000P\000a\000s\000t}{subsection.19}% 11
\BOOKMARK [3][-]{subsubsection.23}{\376\377\0002\000.\0002\000.\0003\000.\0004\000\040\000R\000e\000m\000a\000i\000n\000s\000\040\000i\000n\000\040\000t\000h\000e\000\040\000P\000a\000s\000t}{subsection.19}% 12
\BOOKMARK [2][-]{subsection.24}{\376\377\0002\000.\0002\000.\0004\000\040\000T\000i\000m\000e\000\040\000P\000e\000r\000s\000p\000e\000c\000t\000i\000v\000i\000s\000m}{section.16}% 13
\BOOKMARK [2][-]{subsection.25}{\376\377\0002\000.\0002\000.\0005\000\040\000I\000n\000c\000l\000u\000d\000i\000n\000g\000\040\000S\000p\000a\000c\000e}{section.16}% 14
\BOOKMARK [1][-]{section.27}{\376\377\0002\000.\0003\000\040\000A\000l\000t\000e\000r\000n\000a\000t\000i\000v\000e\000\040\000A\000p\000p\000r\000o\000a\000c\000h\000\040\000t\000o\000\040\000Q\000u\000e\000s\000t\000i\000o\000n\000s}{chapter.14}% 15
\BOOKMARK [0][-]{chapter.28}{\376\377\0003\000\040\000M\000e\000t\000h\000o\000d\000s\000\040\000f\000o\000r\000\040\000D\000a\000t\000a\000\040\000A\000n\000a\000l\000y\000s\000i\000s}{}% 16
\BOOKMARK [1][-]{section.29}{\376\377\0003\000.\0001\000\040\000S\000p\000a\000t\000i\000a\000l\000\040\000A\000n\000a\000l\000y\000s\000i\000s}{chapter.28}% 17
\BOOKMARK [1][-]{section.33}{\376\377\0003\000.\0002\000\040\000T\000e\000m\000p\000o\000r\000a\000l\000\040\000A\000n\000a\000l\000y\000s\000i\000s}{chapter.28}% 18
\BOOKMARK [2][-]{subsection.34}{\376\377\0003\000.\0002\000.\0001\000\040\000B\000a\000y\000e\000s\000i\000a\000n\000\040\000M\000o\000d\000e\000l\000l\000i\000n\000g}{section.33}% 19
\BOOKMARK [3][-]{subsubsection.35}{\376\377\0003\000.\0002\000.\0001\000.\0001\000\040\000V\000a\000l\000i\000d\000i\000t\000y\000\040\000o\000f\000\040\000t\000h\000e\000\040\000M\000o\000d\000e\000l}{subsection.34}% 20
\BOOKMARK [3][-]{subsubsection.36}{\376\377\0003\000.\0002\000.\0001\000.\0002\000\040\000R\000e\000l\000i\000a\000b\000i\000l\000i\000t\000y\000\040\000o\000f\000\040\000P\000r\000i\000o\000r\000\040\000I\000n\000f\000o\000r\000m\000a\000t\000i\000o\000n}{subsection.34}% 21
\BOOKMARK [3][-]{subsubsection.37}{\376\377\0003\000.\0002\000.\0001\000.\0003\000\040\000S\000m\000a\000l\000l\000\040\000N\000u\000m\000b\000e\000r\000s\000\040\000o\000f\000\040\000P\000r\000i\000o\000r\000s}{subsection.34}% 22
\BOOKMARK [3][-]{subsubsection.38}{\376\377\0003\000.\0002\000.\0001\000.\0004\000\040\000U\000n\000c\000r\000i\000t\000i\000c\000a\000l\000\040\000A\000c\000c\000e\000p\000t\000a\000n\000c\000e\000\040\000o\000f\000\040\000P\000o\000s\000t\000e\000r\000i\000o\000r\000\040\000R\000e\000s\000u\000l\000t\000s}{subsection.34}% 23
\BOOKMARK [3][-]{subsubsection.39}{\376\377\0003\000.\0002\000.\0001\000.\0005\000\040\000B\000a\000y\000e\000s\000i\000a\000n\000\040\000A\000n\000a\000l\000y\000s\000i\000s\000\040\000i\000n\000\040\000G\000a\000t\000h\000e\000r\000i\000n\000g\000\040\000T\000i\000m\000e}{subsection.34}% 24
\BOOKMARK [2][-]{subsection.41}{\376\377\0003\000.\0002\000.\0002\000\040\000S\000u\000m\000m\000e\000d\000\040\000R\000a\000d\000i\000o\000c\000a\000r\000b\000o\000n\000\040\000D\000i\000s\000t\000r\000i\000b\000u\000t\000i\000o\000n\000s}{section.33}% 25
\BOOKMARK [1][-]{section.45}{\376\377\0003\000.\0003\000\040\000S\000p\000a\000t\000i\000o\000-\000t\000e\000m\000p\000o\000r\000a\000l\000\040\000A\000n\000a\000l\000y\000s\000i\000s}{chapter.28}% 26
\BOOKMARK [1][-]{section.53}{\376\377\0003\000.\0004\000\040\000A\000l\000t\000e\000r\000n\000a\000t\000i\000v\000e\000\040\000A\000p\000p\000r\000o\000a\000c\000h\000e\000s\000\040\000t\000o\000\040\000S\000p\000a\000t\000i\000o\000-\000t\000e\000m\000p\000o\000r\000a\000l\000\040\000A\000n\000a\000l\000y\000s\000i\000s}{chapter.28}% 27
\BOOKMARK [0][-]{chapter.54}{\376\377\0004\000\040\000S\000p\000a\000t\000i\000o\000-\000T\000e\000m\000p\000o\000r\000a\000l\000\040\000S\000o\000f\000t\000w\000a\000r\000e}{}% 28
\BOOKMARK [1][-]{section.55}{\376\377\0004\000.\0001\000\040\000A\000p\000p\000r\000o\000a\000c\000h\000e\000s\000\040\000t\000o\000\040\000A\000r\000c\000h\000a\000e\000o\000l\000o\000g\000i\000c\000a\000l\000\040\000T\000e\000m\000p\000o\000r\000a\000l\000\040\000G\000I\000S}{chapter.54}% 29
\BOOKMARK [1][-]{section.56}{\376\377\0004\000.\0002\000\040\000T\000e\000m\000p\000o\000r\000a\000l\000\040\000G\000I\000S\000\040\000I\000m\000p\000l\000e\000m\000e\000n\000t\000a\000t\000i\000o\000n\000s}{chapter.54}% 30
\BOOKMARK [1][-]{section.57}{\376\377\0004\000.\0003\000\040\000N\000e\000x\000t\000\040\000s\000t\000e\000p\000s\000\040\000f\000o\000r\000\040\000A\000r\000c\000h\000a\000e\000o\000l\000o\000g\000i\000c\000a\000l\000\040\000T\000e\000m\000p\000o\000r\000a\000l\000\040\000G\000I\000S}{chapter.54}% 31
\BOOKMARK [1][-]{section.58}{\376\377\0004\000.\0004\000\040\000E\000s\000s\000e\000n\000t\000i\000a\000l\000\040\000T\000e\000m\000p\000o\000r\000a\000l\000\040\000G\000I\000S\000\040\000C\000o\000m\000p\000o\000n\000e\000n\000t\000s}{chapter.54}% 32
\BOOKMARK [2][-]{subsection.59}{\376\377\0004\000.\0004\000.\0001\000\040\000S\000p\000a\000t\000i\000o\000-\000t\000e\000m\000p\000o\000r\000a\000l\000\040\000M\000o\000d\000e\000l}{section.58}% 33
\BOOKMARK [2][-]{subsection.60}{\376\377\0004\000.\0004\000.\0002\000\040\000O\000p\000e\000r\000a\000t\000i\000o\000n\000a\000l\000\040\000M\000o\000d\000e\000l}{section.58}% 34
\BOOKMARK [2][-]{subsection.61}{\376\377\0004\000.\0004\000.\0003\000\040\000D\000a\000t\000a\000\040\000M\000o\000d\000e\000l}{section.58}% 35
\BOOKMARK [2][-]{subsection.62}{\376\377\0004\000.\0004\000.\0004\000\040\000G\000e\000n\000e\000r\000a\000t\000i\000n\000g\000\040\000O\000u\000t\000p\000u\000t}{section.58}% 36
\BOOKMARK [0][-]{chapter.66}{\376\377\0005\000\040\000C\000a\000s\000e\000\040\000S\000t\000u\000d\000i\000e\000s}{}% 37
\BOOKMARK [1][-]{section.67}{\376\377\0005\000.\0001\000\040\000H\000a\000m\000b\000l\000e\000d\000o\000n\000\040\000H\000i\000l\000l}{chapter.66}% 38
\BOOKMARK [1][-]{section.68}{\376\377\0005\000.\0002\000\040\000S\000p\000r\000e\000a\000d\000\040\000o\000f\000\040\000t\000h\000e\000\040\000E\000u\000r\000o\000p\000e\000a\000n\000\040\000N\000e\000o\000l\000i\000t\000h\000i\000c}{chapter.66}% 39
\BOOKMARK [0][-]{chapter.69}{\376\377\0006\000\040\000H\000a\000m\000b\000l\000e\000d\000o\000n\000\040\000H\000i\000l\000l}{}% 40
\BOOKMARK [1][-]{section.70}{\376\377\0006\000.\0001\000\040\000B\000a\000c\000k\000g\000r\000o\000u\000n\000d}{chapter.69}% 41
\BOOKMARK [1][-]{section.73}{\376\377\0006\000.\0002\000\040\000T\000h\000e\000\040\000T\000e\000m\000p\000o\000r\000a\000l\000\040\000E\000v\000i\000d\000e\000n\000c\000e}{chapter.69}% 42
\BOOKMARK [2][-]{subsection.75}{\376\377\0006\000.\0002\000.\0001\000\040\000P\000r\000e\000-\000N\000e\000o\000l\000i\000t\000h\000i\000c\000\040\000E\000v\000i\000d\000e\000n\000c\000e}{section.73}% 43
\BOOKMARK [2][-]{subsection.77}{\376\377\0006\000.\0002\000.\0002\000\040\000P\000r\000e\000-\000N\000e\000o\000l\000i\000t\000h\000i\000c\000\040\000a\000n\000d\000\040\000N\000e\000o\000l\000i\000t\000h\000i\000c\000\040\000A\000c\000t\000i\000v\000i\000t\000y\000\040\000i\000n\000\040\000t\000h\000e\000\040\000w\000i\000d\000e\000r\000\040\000l\000a\000n\000d\000s\000c\000a\000p\000e}{section.73}% 44
\BOOKMARK [2][-]{subsection.79}{\376\377\0006\000.\0002\000.\0003\000\040\000T\000h\000e\000\040\000N\000e\000o\000l\000i\000t\000h\000i\000c\000\040\000C\000o\000m\000p\000l\000e\000x}{section.73}% 45
\BOOKMARK [3][-]{subsubsection.83}{\376\377\0006\000.\0002\000.\0003\000.\0001\000\040\000T\000h\000e\000\040\000C\000e\000n\000t\000r\000a\000l\000\040\000A\000r\000e\000a}{subsection.79}% 46
\BOOKMARK [3][-]{subsubsection.88}{\376\377\0006\000.\0002\000.\0003\000.\0002\000\040\000C\000r\000o\000s\000s\000\040\000D\000y\000k\000e\000s\000\040\000a\000n\000d\000\040\000t\000h\000e\000\040\000L\000o\000n\000g\000\040\000B\000a\000r\000r\000o\000w}{subsection.79}% 47
\BOOKMARK [3][-]{subsubsection.90}{\376\377\0006\000.\0002\000.\0003\000.\0003\000\040\000S\000t\000e\000p\000l\000e\000t\000o\000n\000\040\000E\000n\000c\000l\000o\000s\000u\000r\000e\000\040\000a\000n\000d\000\040\000O\000u\000t\000w\000o\000r\000k\000s}{subsection.79}% 48
\BOOKMARK [3][-]{subsubsection.94}{\376\377\0006\000.\0002\000.\0003\000.\0004\000\040\000H\000a\000n\000f\000o\000r\000d\000\040\000O\000u\000t\000w\000o\000r\000k\000s\000,\000\040\000S\000h\000r\000o\000t\000o\000n\000\040\000S\000p\000u\000r\000\040\000O\000u\000t\000w\000o\000r\000k\000s\000\040\000a\000n\000d\000\040\000d\000i\000s\000c\000r\000e\000t\000e\000\040\000c\000e\000n\000t\000r\000a\000l\000\040\000a\000r\000e\000a\000\040\000f\000e\000a\000t\000u\000r\000e\000s}{subsection.79}% 49
\BOOKMARK [1][-]{section.97}{\376\377\0006\000.\0003\000\040\000P\000r\000o\000b\000l\000e\000m\000s\000\040\000w\000i\000t\000h\000\040\000t\000h\000e\000\040\000c\000h\000r\000o\000n\000o\000l\000o\000g\000i\000c\000a\000l\000\040\000e\000v\000i\000d\000e\000n\000c\000e\000\040\000a\000n\000d\000\040\000i\000n\000t\000e\000r\000p\000r\000e\000t\000a\000t\000i\000o\000n}{chapter.69}% 50
\BOOKMARK [2][-]{subsection.98}{\376\377\0006\000.\0003\000.\0001\000\040\000T\000h\000e\000\040\000C\000e\000n\000t\000r\000a\000l\000\040\000A\000r\000e\000a}{section.97}% 51
\BOOKMARK [2][-]{subsection.100}{\376\377\0006\000.\0003\000.\0002\000\040\000C\000r\000o\000s\000s\000\040\000D\000y\000k\000e\000s\000\040\000a\000n\000d\000\040\000t\000h\000e\000\040\000L\000o\000n\000g\000\040\000B\000a\000r\000r\000o\000w}{section.97}% 52
\BOOKMARK [2][-]{subsection.101}{\376\377\0006\000.\0003\000.\0003\000\040\000T\000h\000e\000\040\000S\000t\000e\000p\000l\000e\000t\000o\000n\000\040\000E\000n\000c\000l\000o\000s\000u\000r\000e}{section.97}% 53
\BOOKMARK [2][-]{subsection.102}{\376\377\0006\000.\0003\000.\0004\000\040\000T\000h\000e\000\040\000H\000a\000n\000f\000o\000r\000d\000\040\000O\000u\000t\000w\000o\000r\000k\000s}{section.97}% 54
\BOOKMARK [2][-]{subsection.104}{\376\377\0006\000.\0003\000.\0005\000\040\000T\000h\000e\000\040\000S\000h\000r\000o\000t\000o\000n\000\040\000S\000p\000u\000r\000\040\000O\000u\000t\000w\000o\000r\000k}{section.97}% 55
\BOOKMARK [2][-]{subsection.106}{\376\377\0006\000.\0003\000.\0006\000\040\000C\000o\000n\000f\000i\000d\000e\000n\000c\000e\000\040\000i\000n\000\040\000t\000h\000e\000\040\000i\000n\000t\000e\000r\000p\000r\000e\000t\000a\000t\000i\000o\000n}{section.97}% 56
\BOOKMARK [1][-]{section.108}{\376\377\0006\000.\0004\000\040\000Q\000u\000a\000n\000t\000i\000t\000a\000t\000i\000v\000e\000\040\000A\000n\000a\000l\000y\000s\000i\000s}{chapter.69}% 57
\BOOKMARK [2][-]{subsection.114}{\376\377\0006\000.\0004\000.\0001\000\040\000M\000o\000r\000a\000n\000'\000s\000\040\000i}{section.108}% 58
\BOOKMARK [2][-]{subsection.116}{\376\377\0006\000.\0004\000.\0002\000\040\000S\000t\000r\000a\000t\000i\000g\000r\000a\000p\000h\000i\000c\000\040\000D\000i\000s\000t\000a\000n\000c\000e}{section.108}% 59
\BOOKMARK [2][-]{subsection.118}{\376\377\0006\000.\0004\000.\0003\000\040\000L\000o\000c\000a\000l\000\040\000M\000e\000a\000s\000u\000r\000e\000s}{section.108}% 60
\BOOKMARK [3][-]{subsubsection.119}{\376\377\0006\000.\0004\000.\0003\000.\0001\000\040\000A\000n\000s\000e\000l\000i\000n\000\040\000L\000o\000c\000a\000l\000\040\000M\000o\000r\000a\000n\000'\000s\000\040\000i}{subsection.118}% 61
\BOOKMARK [3][-]{subsubsection.123}{\376\377\0006\000.\0004\000.\0003\000.\0002\000\040\000G\000e\000t\000i\000s\000-\000O\000r\000d\000\040\000G\000i\000*}{subsection.118}% 62
\BOOKMARK [2][-]{subsection.127}{\376\377\0006\000.\0004\000.\0004\000\040\000T\000h\000e\000\040\000V\000a\000l\000u\000e\000\040\000o\000f\000\040\000Q\000u\000a\000n\000t\000i\000t\000a\000t\000i\000v\000e\000\040\000A\000p\000p\000r\000o\000a\000c\000h\000e\000s}{section.108}% 63
\BOOKMARK [1][-]{section.128}{\376\377\0006\000.\0005\000\040\000C\000h\000r\000o\000n\000o\000l\000o\000g\000y\000\040\000R\000e\000v\000i\000s\000i\000t\000e\000d}{chapter.69}% 64
\BOOKMARK [2][-]{subsection.129}{\376\377\0006\000.\0005\000.\0001\000\040\000P\000e\000r\000i\000o\000d\000\040\0001\000A}{section.128}% 65
\BOOKMARK [3][-]{subsubsection.130}{\376\377\0006\000.\0005\000.\0001\000.\0001\000\040\000T\000h\000e\000\040\000C\000e\000n\000t\000r\000a\000l\000\040\000A\000r\000e\000a}{subsection.129}% 66
\BOOKMARK [3][-]{subsubsection.131}{\376\377\0006\000.\0005\000.\0001\000.\0002\000\040\000C\000r\000o\000s\000s\000\040\000D\000y\000k\000e\000s\000\040\000a\000n\000d\000\040\000t\000h\000e\000\040\000L\000o\000n\000g\000\040\000B\000a\000r\000r\000o\000w}{subsection.129}% 67
\BOOKMARK [2][-]{subsection.132}{\376\377\0006\000.\0005\000.\0002\000\040\000P\000e\000r\000i\000o\000d\000\040\0001\000B}{section.128}% 68
\BOOKMARK [3][-]{subsubsection.133}{\376\377\0006\000.\0005\000.\0002\000.\0001\000\040\000T\000h\000e\000\040\000S\000h\000r\000o\000t\000o\000n\000\040\000S\000p\000u\000r\000\040\000O\000u\000t\000w\000o\000r\000k\000s}{subsection.132}% 69
\BOOKMARK [3][-]{subsubsection.134}{\376\377\0006\000.\0005\000.\0002\000.\0002\000\040\000T\000h\000e\000\040\000S\000t\000e\000p\000l\000e\000t\000o\000n\000\040\000E\000n\000c\000l\000o\000s\000u\000r\000e}{subsection.132}% 70
\BOOKMARK [2][-]{subsection.135}{\376\377\0006\000.\0005\000.\0003\000\040\000P\000e\000r\000i\000o\000d\000\040\000T\000w\000o}{section.128}% 71
\BOOKMARK [2][-]{subsection.136}{\376\377\0006\000.\0005\000.\0004\000\040\000P\000e\000r\000i\000o\000d\000\040\000T\000h\000r\000e\000e}{section.128}% 72
\BOOKMARK [2][-]{subsection.137}{\376\377\0006\000.\0005\000.\0005\000\040\000P\000e\000r\000i\000o\000d\000\040\000F\000o\000u\000r}{section.128}% 73
\BOOKMARK [1][-]{section.138}{\376\377\0006\000.\0006\000\040\000C\000o\000n\000c\000l\000u\000s\000i\000o\000n}{chapter.69}% 74
\BOOKMARK [0][-]{chapter.139}{\376\377\0007\000\040\000S\000p\000r\000e\000a\000d\000\040\000o\000f\000\040\000t\000h\000e\000\040\000N\000e\000o\000l\000i\000t\000h\000i\000c\000\040\000t\000h\000r\000o\000u\000g\000h\000\040\000C\000e\000n\000t\000r\000a\000l\000\040\000a\000n\000d\000\040\000N\000o\000r\000t\000h\000e\000r\000n\000\040\000E\000u\000r\000o\000p\000e}{}% 75
\BOOKMARK [1][-]{section.140}{\376\377\0007\000.\0001\000\040\000B\000a\000c\000k\000g\000r\000o\000u\000n\000d}{chapter.139}% 76
\BOOKMARK [1][-]{section.141}{\376\377\0007\000.\0002\000\040\000S\000u\000m\000m\000e\000d\000\040\000P\000r\000o\000b\000a\000b\000i\000l\000i\000t\000y\000\040\000D\000i\000s\000t\000r\000i\000b\000u\000t\000i\000o\000n\000s}{chapter.139}% 77
\BOOKMARK [2][-]{subsection.142}{\376\377\0007\000.\0002\000.\0001\000\040\000T\000h\000e\000\040\000M\000e\000t\000h\000o\000d\000o\000l\000o\000g\000y}{section.141}% 78
\BOOKMARK [2][-]{subsection.146}{\376\377\0007\000.\0002\000.\0002\000\040\000T\000h\000e\000\040\000C\000r\000i\000t\000i\000c\000i\000s\000m\000s}{section.141}% 79
\BOOKMARK [3][-]{subsubsection.147}{\376\377\0007\000.\0002\000.\0002\000.\0001\000\040\000M\000e\000t\000h\000o\000d\000o\000l\000o\000g\000i\000c\000a\000l\000\040\000I\000s\000s\000u\000e\000s}{subsection.146}% 80
\BOOKMARK [4][-]{section*.148}{\376\377\000T\000h\000e\000\040\000C\000a\000l\000i\000b\000r\000a\000t\000i\000o\000n\000\040\000C\000u\000r\000v\000e}{subsubsection.147}% 81
\BOOKMARK [4][-]{section*.149}{\376\377\000T\000a\000p\000h\000o\000n\000o\000m\000i\000c\000\040\000L\000o\000s\000s}{subsubsection.147}% 82
\BOOKMARK [4][-]{section*.150}{\376\377\000S\000a\000m\000p\000l\000e\000\040\000S\000i\000z\000e}{subsubsection.147}% 83
\BOOKMARK [3][-]{subsubsection.151}{\376\377\0007\000.\0002\000.\0002\000.\0002\000\040\000T\000h\000e\000o\000r\000e\000t\000i\000c\000a\000l\000\040\000I\000s\000s\000u\000e\000s}{subsection.146}% 84
\BOOKMARK [4][-]{section*.152}{\376\377\000R\000e\000s\000e\000a\000r\000c\000h\000\040\000B\000i\000a\000s}{subsubsection.151}% 85
\BOOKMARK [4][-]{section*.153}{\376\377\000V\000a\000r\000i\000a\000b\000i\000l\000i\000t\000y\000\040\000a\000m\000o\000n\000g\000\040\000s\000i\000t\000e\000\040\000t\000y\000p\000e\000s}{subsubsection.151}% 86
\BOOKMARK [4][-]{section*.154}{\376\377\000C\000u\000l\000t\000u\000r\000a\000l\000\040\000C\000h\000a\000n\000g\000e}{subsubsection.151}% 87
\BOOKMARK [2][-]{subsection.155}{\376\377\0007\000.\0002\000.\0003\000\040\000V\000a\000l\000i\000d\000a\000t\000i\000n\000g\000\040\000t\000h\000e\000\040\000M\000e\000t\000h\000o\000d}{section.141}% 88
\BOOKMARK [3][-]{subsubsection.156}{\376\377\0007\000.\0002\000.\0003\000.\0001\000\040\000N\000u\000l\000l\000\040\000M\000o\000d\000e\000l\000\040\000H\000y\000p\000o\000t\000h\000e\000s\000i\000s\000\040\000T\000e\000s\000t\000i\000n\000g}{subsection.155}% 89
\BOOKMARK [3][-]{subsubsection.157}{\376\377\0007\000.\0002\000.\0003\000.\0002\000\040\000C\000o\000m\000p\000a\000r\000i\000s\000o\000n\000\040\000t\000o\000\040\000o\000t\000h\000e\000r\000\040\000d\000a\000t\000a\000\040\000s\000e\000t\000s}{subsection.155}% 90
\BOOKMARK [2][-]{subsection.158}{\376\377\0007\000.\0002\000.\0004\000\040\000F\000u\000r\000t\000h\000e\000r\000\040\000c\000o\000n\000c\000e\000r\000n\000s\000\040\000w\000i\000t\000h\000\040\000t\000h\000e\000\040\000m\000e\000t\000h\000o\000d}{section.141}% 91
\BOOKMARK [3][-]{subsubsection.159}{\376\377\0007\000.\0002\000.\0004\000.\0001\000\040\000B\000i\000g\000\040\000D\000a\000t\000a}{subsection.158}% 92
\BOOKMARK [3][-]{subsubsection.160}{\376\377\0007\000.\0002\000.\0004\000.\0002\000\040\000N\000u\000l\000l\000\040\000h\000y\000p\000o\000t\000h\000e\000s\000i\000s\000\040\000t\000e\000s\000t\000i\000n\000g}{subsection.158}% 93
\BOOKMARK [2][-]{subsection.161}{\376\377\0007\000.\0002\000.\0005\000\040\000C\000o\000n\000c\000l\000u\000s\000i\000o\000n\000s\000\040\000o\000n\000\040\000S\000u\000m\000m\000e\000d\000\040\000P\000r\000o\000b\000a\000b\000i\000l\000i\000t\000y\000\040\000D\000i\000s\000t\000r\000i\000b\000u\000t\000i\000o\000n}{section.141}% 94
\BOOKMARK [1][-]{section.162}{\376\377\0007\000.\0003\000\040\000A\000n\000a\000l\000y\000t\000i\000c\000a\000l\000\040\000A\000p\000p\000r\000o\000a\000c\000h\000e\000s}{chapter.139}% 95
\BOOKMARK [1][-]{section.163}{\376\377\0007\000.\0004\000\040\000A\000l\000t\000e\000r\000n\000a\000t\000i\000v\000e\000\040\000A\000n\000a\000l\000y\000s\000i\000s\000\040\000o\000f\000\040\000t\000h\000e\000\040\000E\000U\000R\000O\000E\000V\000O\000L\000\040\000d\000a\000t\000a\000\040\000s\000e\000t}{chapter.139}% 96
\BOOKMARK [2][-]{subsection.164}{\376\377\0007\000.\0004\000.\0001\000\040\000E\000x\000p\000l\000o\000r\000a\000t\000o\000r\000y\000\040\000D\000a\000t\000a\000\040\000A\000n\000a\000l\000y\000s\000i\000s}{section.163}% 97
\BOOKMARK [3][-]{subsubsection.166}{\376\377\0007\000.\0004\000.\0001\000.\0001\000\040\000D\000a\000t\000a\000\040\000M\000a\000n\000i\000p\000u\000l\000a\000t\000i\000o\000n}{subsection.164}% 98
\BOOKMARK [3][-]{subsubsection.172}{\376\377\0007\000.\0004\000.\0001\000.\0002\000\040\000B\000r\000o\000a\000d\000\040\000T\000r\000e\000n\000d\000s}{subsection.164}% 99
\BOOKMARK [3][-]{subsubsection.175}{\376\377\0007\000.\0004\000.\0001\000.\0003\000\040\000G\000a\000p\000s\000\040\000i\000n\000\040\000t\000h\000e\000\040\000D\000a\000t\000a}{subsection.164}% 100
\BOOKMARK [3][-]{subsubsection.177}{\376\377\0007\000.\0004\000.\0001\000.\0004\000\040\000M\000e\000s\000o\000l\000i\000t\000h\000i\000c\000\040\000-\000\040\000N\000e\000o\000l\000i\000t\000h\000i\000c\000\040\000T\000r\000a\000n\000s\000i\000t\000i\000o\000n}{subsection.164}% 101
\BOOKMARK [2][-]{subsection.180}{\376\377\0007\000.\0004\000.\0002\000\040\000M\000o\000d\000e\000l\000l\000i\000n\000g}{section.163}% 102
\BOOKMARK [3][-]{subsubsection.181}{\376\377\0007\000.\0004\000.\0002\000.\0001\000\040\000S\000i\000m\000i\000l\000a\000r\000i\000t\000i\000e\000s\000\040\000a\000n\000d\000\040\000D\000i\000f\000f\000e\000r\000e\000n\000c\000e\000s\000\040\000t\000o\000\040\000E\000p\000i\000d\000e\000m\000i\000o\000l\000o\000g\000i\000c\000a\000l\000\040\000M\000o\000d\000e\000l\000s}{subsection.180}% 103
\BOOKMARK [3][-]{subsubsection.182}{\376\377\0007\000.\0004\000.\0002\000.\0002\000\040\000A\000p\000p\000l\000y\000i\000n\000g\000\040\000a\000n\000\040\000E\000p\000i\000d\000e\000m\000i\000o\000l\000o\000g\000i\000c\000a\000l\000\040\000M\000o\000d\000e\000l\000\040\000t\000o\000\040\000A\000r\000c\000h\000a\000e\000o\000l\000o\000g\000i\000c\000a\000l\000\040\000P\000r\000o\000c\000e\000s\000s\000e\000s}{subsection.180}% 104
\BOOKMARK [2][-]{subsection.183}{\376\377\0007\000.\0004\000.\0003\000\040\000U\000s\000i\000n\000g\000\040\000C\000e\000l\000l\000u\000l\000a\000r\000\040\000A\000u\000t\000o\000m\000a\000t\000a\000\040\000w\000i\000t\000h\000\040\000t\000h\000e\000\040\000E\000U\000R\000O\000E\000V\000O\000L\000\040\000d\000a\000t\000a\000s\000e\000t}{section.163}% 105
\BOOKMARK [3][-]{subsubsection.184}{\376\377\0007\000.\0004\000.\0003\000.\0001\000\040\000D\000e\000s\000c\000r\000i\000p\000t\000i\000o\000n\000\040\000o\000f\000\040\000t\000h\000e\000\040\000M\000o\000d\000e\000l}{subsection.183}% 106
\BOOKMARK [3][-]{subsubsection.185}{\376\377\0007\000.\0004\000.\0003\000.\0002\000\040\000R\000e\000p\000l\000i\000c\000a\000t\000i\000n\000g\000\040\000t\000h\000e\000\040\000E\000U\000R\000O\000E\000V\000O\000L\000\040\000D\000a\000t\000a\000s\000e\000t}{subsection.183}% 107
\BOOKMARK [3][-]{subsubsection.187}{\376\377\0007\000.\0004\000.\0003\000.\0003\000\040\000G\000a\000p\000s\000\040\000i\000n\000\040\000t\000h\000e\000\040\000D\000a\000t\000a}{subsection.183}% 108
\BOOKMARK [3][-]{subsubsection.189}{\376\377\0007\000.\0004\000.\0003\000.\0004\000\040\000C\000o\000m\000p\000a\000r\000i\000n\000g\000\040\000t\000h\000e\000\040\000G\000e\000n\000e\000r\000a\000t\000e\000d\000\040\000D\000a\000t\000a\000s\000e\000t\000\040\000t\000o\000\040\000t\000h\000e\000\040\000A\000r\000c\000h\000a\000e\000o\000l\000o\000g\000i\000c\000a\000l\000\040\000E\000v\000i\000d\000e\000n\000c\000e}{subsection.183}% 109
\BOOKMARK [1][-]{section.201}{\376\377\0007\000.\0005\000\040\000C\000o\000n\000c\000l\000u\000s\000i\000o\000n\000s}{chapter.139}% 110
\BOOKMARK [0][-]{chapter.202}{\376\377\0008\000\040\000R\000e\000v\000i\000e\000w\000\040\000a\000n\000d\000\040\000C\000o\000n\000c\000l\000u\000s\000i\000o\000n\000s}{}% 111
\BOOKMARK [1][-]{section.203}{\376\377\0008\000.\0001\000\040\000R\000e\000v\000i\000e\000w}{chapter.202}% 112
\BOOKMARK [1][-]{section.204}{\376\377\0008\000.\0002\000\040\000C\000o\000n\000c\000l\000u\000s\000i\000o\000n\000s}{chapter.202}% 113
\BOOKMARK [0][-]{appendix.205}{\376\377\000A\000\040\000D\000e\000s\000c\000r\000i\000p\000t\000i\000o\000n\000\040\000o\000f\000\040\000c\000u\000s\000t\000o\000m\000\040\000s\000o\000f\000t\000w\000a\000r\000e}{}% 114
\BOOKMARK [1][-]{section.206}{\376\377\000A\000.\0001\000\040\000O\000x\000C\000a\000l\000\040\000R\000e\000s\000u\000l\000t\000s\000\040\000E\000x\000t\000r\000a\000c\000t\000o\000r}{appendix.205}% 115
\BOOKMARK [1][-]{section.207}{\376\377\000A\000.\0002\000\040\000T\000o\000o\000l\000s\000\040\000f\000o\000r\000\040\000w\000o\000r\000k\000i\000n\000g\000\040\000w\000i\000t\000h\000\040\000E\000u\000r\000o\000e\000v\000o\000l\000\040\000d\000a\000t\000a\000s\000e\000t}{appendix.205}% 116
\BOOKMARK [1][-]{section.208}{\376\377\000A\000.\0003\000\040\000C\000e\000l\000l\000u\000l\000a\000r\000\040\000A\000u\000t\000o\000m\000a\000t\000a\000\040\000M\000o\000d\000e\000l}{appendix.205}% 117
\BOOKMARK [0][-]{dummy.209}{\376\377\000B\000i\000b\000l\000i\000o\000g\000r\000a\000p\000h\000y}{}% 118
