This is pdfTeX, Version 3.14159265-2.6-1.40.17 (TeX Live 2016) (preloaded format=pdflatex 2016.10.14)  14 MAR 2019 20:30
entering extended mode
 restricted \write18 enabled.
 file:line:error style messages enabled.
 %&-line parsing enabled.
**Thesis.tex
(./Thesis.tex
LaTeX2e <2016/03/31> patch level 3
Babel <3.9r> and hyphenation patterns for 83 language(s) loaded.
(./ecsthesis.cls
Document Class: ecsthesis 2003/25/04 v1.6 LaTeX document class
(/usr/local/texlive/2016/texmf-dist/tex/latex/base/book.cls
Document Class: book 2014/09/29 v1.4h Standard LaTeX document class
(/usr/local/texlive/2016/texmf-dist/tex/latex/base/bk11.clo
File: bk11.clo 2014/09/29 v1.4h Standard LaTeX file (size option)
)
\c@part=\count79
\c@chapter=\count80
\c@section=\count81
\c@subsection=\count82
\c@subsubsection=\count83
\c@paragraph=\count84
\c@subparagraph=\count85
\c@figure=\count86
\c@table=\count87
\abovecaptionskip=\skip41
\belowcaptionskip=\skip42
\bibindent=\dimen102
)
(/usr/local/texlive/2016/texmf-dist/tex/latex/setspace/setspace.sty
Package: setspace 2011/12/19 v6.7a set line spacing
)
(/usr/local/texlive/2016/texmf-dist/tex/latex/vmargin/vmargin.sty
Package: vmargin 2004/07/15 V2.5 set document margins (VK)

Package: vmargin 2004/07/15 V2.5 set document margins (VK)
\PaperWidth=\dimen103
\PaperHeight=\dimen104
) (/usr/local/texlive/2016/texmf-dist/tex/latex/fancyhdr/fancyhdr.sty
Package: fancyhdr 2016/09/06 3.8 Extensive control of page headers and footers
\fancy@headwidth=\skip43
\f@ncyO@elh=\skip44
\f@ncyO@erh=\skip45
\f@ncyO@olh=\skip46
\f@ncyO@orh=\skip47
\f@ncyO@elf=\skip48
\f@ncyO@erf=\skip49
\f@ncyO@olf=\skip50
\f@ncyO@orf=\skip51
)
(/usr/local/texlive/2016/texmf-dist/tex/latex/amsmath/amsmath.sty
Package: amsmath 2016/06/28 v2.15d AMS math features
\@mathmargin=\skip52

For additional information on amsmath, use the `?' option.
(/usr/local/texlive/2016/texmf-dist/tex/latex/amsmath/amstext.sty
Package: amstext 2000/06/29 v2.01 AMS text

(/usr/local/texlive/2016/texmf-dist/tex/latex/amsmath/amsgen.sty
File: amsgen.sty 1999/11/30 v2.0 generic functions
\@emptytoks=\toks14
\ex@=\dimen105
))
(/usr/local/texlive/2016/texmf-dist/tex/latex/amsmath/amsbsy.sty
Package: amsbsy 1999/11/29 v1.2d Bold Symbols
\pmbraise@=\dimen106
)
(/usr/local/texlive/2016/texmf-dist/tex/latex/amsmath/amsopn.sty
Package: amsopn 2016/03/08 v2.02 operator names
)
\inf@bad=\count88
LaTeX Info: Redefining \frac on input line 199.
\uproot@=\count89
\leftroot@=\count90
LaTeX Info: Redefining \overline on input line 297.
\classnum@=\count91
\DOTSCASE@=\count92
LaTeX Info: Redefining \ldots on input line 394.
LaTeX Info: Redefining \dots on input line 397.
LaTeX Info: Redefining \cdots on input line 518.
\Mathstrutbox@=\box26
\strutbox@=\box27
\big@size=\dimen107
LaTeX Font Info:    Redeclaring font encoding OML on input line 634.
LaTeX Font Info:    Redeclaring font encoding OMS on input line 635.
\macc@depth=\count93
\c@MaxMatrixCols=\count94
\dotsspace@=\muskip10
\c@parentequation=\count95
\dspbrk@lvl=\count96
\tag@help=\toks15
\row@=\count97
\column@=\count98
\maxfields@=\count99
\andhelp@=\toks16
\eqnshift@=\dimen108
\alignsep@=\dimen109
\tagshift@=\dimen110
\tagwidth@=\dimen111
\totwidth@=\dimen112
\lineht@=\dimen113
\@envbody=\toks17
\multlinegap=\skip53
\multlinetaggap=\skip54
\mathdisplay@stack=\toks18
LaTeX Info: Redefining \[ on input line 2739.
LaTeX Info: Redefining \] on input line 2740.
)
(/usr/local/texlive/2016/texmf-dist/tex/latex/amsfonts/amsfonts.sty
Package: amsfonts 2013/01/14 v3.01 Basic AMSFonts support
\symAMSa=\mathgroup4
\symAMSb=\mathgroup5
LaTeX Font Info:    Overwriting math alphabet `\mathfrak' in version `bold'
(Font)                  U/euf/m/n --> U/euf/b/n on input line 106.
)
(/usr/local/texlive/2016/texmf-dist/tex/latex/amsfonts/amssymb.sty
Package: amssymb 2013/01/14 v3.01 AMS font symbols
)
(/usr/local/texlive/2016/texmf-dist/tex/latex/amsmath/amscd.sty
Package: amscd 1999/11/29 v2.0 AMS Commutatitive Diagrams
\athelp@=\toks19
\minaw@=\dimen114
\bigaw@=\dimen115
\minCDarrowwidth=\dimen116
)
(/usr/local/texlive/2016/texmf-dist/tex/latex/amscls/amsthm.sty
Package: amsthm 2015/03/04 v2.20.2
\thm@style=\toks20
\thm@bodyfont=\toks21
\thm@headfont=\toks22
\thm@notefont=\toks23
\thm@headpunct=\toks24
\thm@preskip=\skip55
\thm@postskip=\skip56
\thm@headsep=\skip57
\dth@everypar=\toks25
)
(/usr/local/texlive/2016/texmf-dist/tex/latex/tools/xspace.sty
Package: xspace 2014/10/28 v1.13 Space after command names (DPC,MH)
)
\c@example=\count100
\c@theorem=\count101

(/usr/local/texlive/2016/texmf-dist/tex/latex/caption/caption2.sty
Package: caption2 2015/09/15 v2.2-100 Customising captions (AR)


Package caption2 Warning: ****************************************************
(caption2)                THIS PACKAGE IS OBSOLETE:
(caption2)                This package attempts to provide an `caption2'
(caption2)                package v2.0/2.1 author environment so that OLD
(caption2)                documents can be successfully processed. It should
(caption2)                NOT be used for NEW documents! New documents should
(caption2)                use the regular `caption' package v3.x instead.
(caption2)                ****************************************************

(/usr/local/texlive/2016/texmf-dist/tex/latex/caption/caption3.sty
Package: caption3 2016/05/22 v1.7-166 caption3 kernel (AR)
Package caption3 Info: TeX engine: e-TeX on input line 67.

(/usr/local/texlive/2016/texmf-dist/tex/latex/graphics/keyval.sty
Package: keyval 2014/10/28 v1.15 key=value parser (DPC)
\KV@toks@=\toks26
)
\captionmargin=\dimen117
\captionmargin@=\dimen118
\captionwidth=\dimen119
\caption@tempdima=\dimen120
\caption@indent=\dimen121
\caption@parindent=\dimen122
\caption@hangindent=\dimen123
)
Package caption2 Info: Running in caption2 v2.0 compatibility mode on input lin
e 221.
\captionlinewidth=\dimen124
\realcaptionwidth=\dimen125
)
(/usr/local/texlive/2016/texmf-dist/tex/latex/graphics/graphicx.sty
Package: graphicx 2014/10/28 v1.0g Enhanced LaTeX Graphics (DPC,SPQR)

(/usr/local/texlive/2016/texmf-dist/tex/latex/graphics/graphics.sty
Package: graphics 2016/07/10 v1.0t Standard LaTeX Graphics (DPC,SPQR)

(/usr/local/texlive/2016/texmf-dist/tex/latex/graphics/trig.sty
Package: trig 2016/01/03 v1.10 sin cos tan (DPC)
)
(/usr/local/texlive/2016/texmf-dist/tex/latex/graphics-cfg/graphics.cfg
File: graphics.cfg 2016/06/04 v1.11 sample graphics configuration
)
Package graphics Info: Driver file: pdftex.def on input line 99.

(/usr/local/texlive/2016/texmf-dist/tex/latex/graphics-def/pdftex.def
File: pdftex.def 2016/07/10 v0.06j Graphics/color for pdfTeX

(/usr/local/texlive/2016/texmf-dist/tex/generic/oberdiek/infwarerr.sty
Package: infwarerr 2016/05/16 v1.4 Providing info/warning/error messages (HO)
)
(/usr/local/texlive/2016/texmf-dist/tex/generic/oberdiek/ltxcmds.sty
Package: ltxcmds 2016/05/16 v1.23 LaTeX kernel commands for general use (HO)
)
\Gread@gobject=\count102
))
\Gin@req@height=\dimen126
\Gin@req@width=\dimen127
)
(/usr/local/texlive/2016/texmf-dist/tex/latex/oberdiek/epstopdf.sty
Package: epstopdf 2016/05/15 v2.6 Conversion with epstopdf on the fly (HO)

(/usr/local/texlive/2016/texmf-dist/tex/latex/oberdiek/epstopdf-base.sty
Package: epstopdf-base 2016/05/15 v2.6 Base part for package epstopdf

(/usr/local/texlive/2016/texmf-dist/tex/latex/oberdiek/grfext.sty
Package: grfext 2016/05/16 v1.2 Manage graphics extensions (HO)

(/usr/local/texlive/2016/texmf-dist/tex/generic/oberdiek/kvdefinekeys.sty
Package: kvdefinekeys 2016/05/16 v1.4 Define keys (HO)
))
(/usr/local/texlive/2016/texmf-dist/tex/latex/oberdiek/kvoptions.sty
Package: kvoptions 2016/05/16 v3.12 Key value format for package options (HO)

(/usr/local/texlive/2016/texmf-dist/tex/generic/oberdiek/kvsetkeys.sty
Package: kvsetkeys 2016/05/16 v1.17 Key value parser (HO)

(/usr/local/texlive/2016/texmf-dist/tex/generic/oberdiek/etexcmds.sty
Package: etexcmds 2016/05/16 v1.6 Avoid name clashes with e-TeX commands (HO)

(/usr/local/texlive/2016/texmf-dist/tex/generic/oberdiek/ifluatex.sty
Package: ifluatex 2016/05/16 v1.4 Provides the ifluatex switch (HO)
Package ifluatex Info: LuaTeX not detected.
)
Package etexcmds Info: Could not find \expanded.
(etexcmds)             That can mean that you are not using pdfTeX 1.50 or
(etexcmds)             that some package has redefined \expanded.
(etexcmds)             In the latter case, load this package earlier.
)))
(/usr/local/texlive/2016/texmf-dist/tex/generic/oberdiek/pdftexcmds.sty
Package: pdftexcmds 2016/05/21 v0.22 Utility functions of pdfTeX for LuaTeX (HO
)

(/usr/local/texlive/2016/texmf-dist/tex/generic/oberdiek/ifpdf.sty
Package: ifpdf 2016/05/14 v3.1 Provides the ifpdf switch
)
Package pdftexcmds Info: LuaTeX not detected.
Package pdftexcmds Info: \pdf@primitive is available.
Package pdftexcmds Info: \pdf@ifprimitive is available.
Package pdftexcmds Info: \pdfdraftmode found.
)
Package epstopdf-base Info: Redefining graphics rule for `.eps' on input line 4
38.
Package grfext Info: Graphics extension search list:
(grfext)             [.png,.pdf,.jpg,.mps,.jpeg,.jbig2,.jb2,.PNG,.PDF,.JPG,.JPE
G,.JBIG2,.JB2,.eps]
(grfext)             \AppendGraphicsExtensions on input line 456.

(/usr/local/texlive/2016/texmf-dist/tex/latex/latexconfig/epstopdf-sys.cfg
File: epstopdf-sys.cfg 2010/07/13 v1.3 Configuration of (r)epstopdf for TeX Liv
e
)))
(/usr/local/texlive/2016/texmf-dist/tex/latex/subfigure/subfigure.sty
Package: subfigure 2002/03/15 v2.1.5 subfigure package
\subfigtopskip=\skip58
\subfigcapskip=\skip59
\subfigcaptopadj=\dimen128
\subfigbottomskip=\skip60
\subfigcapmargin=\dimen129
\subfiglabelskip=\skip61
\c@subfigure=\count103
\c@lofdepth=\count104
\c@subtable=\count105
\c@lotdepth=\count106

****************************************
* Local config file subfigure.cfg used *
****************************************
(/usr/local/texlive/2016/texmf-dist/tex/latex/subfigure/subfigure.cfg)
\subfig@top=\skip62
\subfig@bottom=\skip63
)
(/usr/local/texlive/2016/texmf-dist/tex/latex/booktabs/booktabs.sty
Package: booktabs 2016/04/27 v1.618033 publication quality tables
\heavyrulewidth=\dimen130
\lightrulewidth=\dimen131
\cmidrulewidth=\dimen132
\belowrulesep=\dimen133
\belowbottomsep=\dimen134
\aboverulesep=\dimen135
\abovetopsep=\dimen136
\cmidrulesep=\dimen137
\cmidrulekern=\dimen138
\defaultaddspace=\dimen139
\@cmidla=\count107
\@cmidlb=\count108
\@aboverulesep=\dimen140
\@belowrulesep=\dimen141
\@thisruleclass=\count109
\@lastruleclass=\count110
\@thisrulewidth=\dimen142
)
(/usr/local/texlive/2016/texmf-dist/tex/latex/graphics/rotating.sty
Package: rotating 2016/05/22 v2.16c rotated objects in LaTeX

(/usr/local/texlive/2016/texmf-dist/tex/latex/base/ifthen.sty
Package: ifthen 2014/09/29 v1.1c Standard LaTeX ifthen package (DPC)
)
\c@r@tfl@t=\count111
\rotFPtop=\skip64
\rotFPbot=\skip65
\rot@float@box=\box28
\rot@mess@toks=\toks27
)
(/usr/local/texlive/2016/texmf-dist/tex/latex/listings/listings.sty
\lst@mode=\count112
\lst@gtempboxa=\box29
\lst@token=\toks28
\lst@length=\count113
\lst@currlwidth=\dimen143
\lst@column=\count114
\lst@pos=\count115
\lst@lostspace=\dimen144
\lst@width=\dimen145
\lst@newlines=\count116
\lst@lineno=\count117
\lst@maxwidth=\dimen146

(./lstpatch.sty
File: lstpatch.sty 2002/10/13 1.0i (Carsten Heinz)


***
*** This is a patch for `listings.sty' version 1.0, but
*** you're using version 1.6.
***
*** Patch file not loaded.
***

) (/usr/local/texlive/2016/texmf-dist/tex/latex/listings/lstmisc.sty
File: lstmisc.sty 2015/06/04 1.6 (Carsten Heinz)
\c@lstnumber=\count118
\lst@skipnumbers=\count119
\lst@framebox=\box30
)
(/usr/local/texlive/2016/texmf-dist/tex/latex/listings/listings.cfg
File: listings.cfg 2015/06/04 1.6 listings configuration
))
Package: listings 2015/06/04 1.6 (Carsten Heinz)

(/usr/local/texlive/2016/texmf-dist/tex/latex/hyperref/hyperref.sty
Package: hyperref 2016/06/24 v6.83q Hypertext links for LaTeX

(/usr/local/texlive/2016/texmf-dist/tex/generic/oberdiek/hobsub-hyperref.sty
Package: hobsub-hyperref 2016/05/16 v1.14 Bundle oberdiek, subset hyperref (HO)


(/usr/local/texlive/2016/texmf-dist/tex/generic/oberdiek/hobsub-generic.sty
Package: hobsub-generic 2016/05/16 v1.14 Bundle oberdiek, subset generic (HO)
Package: hobsub 2016/05/16 v1.14 Construct package bundles (HO)
Package hobsub Info: Skipping package `infwarerr' (already loaded).
Package hobsub Info: Skipping package `ltxcmds' (already loaded).
Package hobsub Info: Skipping package `ifluatex' (already loaded).
Package: ifvtex 2016/05/16 v1.6 Detect VTeX and its facilities (HO)
Package ifvtex Info: VTeX not detected.
Package: intcalc 2016/05/16 v1.2 Expandable calculations with integers (HO)
Package hobsub Info: Skipping package `ifpdf' (already loaded).
Package hobsub Info: Skipping package `etexcmds' (already loaded).
Package hobsub Info: Skipping package `kvsetkeys' (already loaded).
Package hobsub Info: Skipping package `kvdefinekeys' (already loaded).
Package hobsub Info: Skipping package `pdftexcmds' (already loaded).
Package: pdfescape 2016/05/16 v1.14 Implements pdfTeX's escape features (HO)
Package: bigintcalc 2016/05/16 v1.4 Expandable calculations on big integers (HO
)
Package: bitset 2016/05/16 v1.2 Handle bit-vector datatype (HO)
Package: uniquecounter 2016/05/16 v1.3 Provide unlimited unique counter (HO)
)
Package hobsub Info: Skipping package `hobsub' (already loaded).
Package: letltxmacro 2016/05/16 v1.5 Let assignment for LaTeX macros (HO)
Package: hopatch 2016/05/16 v1.3 Wrapper for package hooks (HO)
Package: xcolor-patch 2016/05/16 xcolor patch
Package: atveryend 2016/05/16 v1.9 Hooks at the very end of document (HO)
Package atveryend Info: \enddocument detected (standard20110627).
Package: atbegshi 2016/06/09 v1.18 At begin shipout hook (HO)
Package: refcount 2016/05/16 v3.5 Data extraction from label references (HO)
Package: hycolor 2016/05/16 v1.8 Color options for hyperref/bookmark (HO)
)
(/usr/local/texlive/2016/texmf-dist/tex/generic/ifxetex/ifxetex.sty
Package: ifxetex 2010/09/12 v0.6 Provides ifxetex conditional
)
(/usr/local/texlive/2016/texmf-dist/tex/latex/oberdiek/auxhook.sty
Package: auxhook 2016/05/16 v1.4 Hooks for auxiliary files (HO)
)
\@linkdim=\dimen147
\Hy@linkcounter=\count120
\Hy@pagecounter=\count121

(/usr/local/texlive/2016/texmf-dist/tex/latex/hyperref/pd1enc.def
File: pd1enc.def 2016/06/24 v6.83q Hyperref: PDFDocEncoding definition (HO)
)
\Hy@SavedSpaceFactor=\count122

(/usr/local/texlive/2016/texmf-dist/tex/latex/latexconfig/hyperref.cfg
File: hyperref.cfg 2002/06/06 v1.2 hyperref configuration of TeXLive
)
Package hyperref Info: Option `bookmarks' set `true' on input line 4362.
Package hyperref Info: Option `bookmarksopen' set `true' on input line 4362.
Package hyperref Info: Option `bookmarksnumbered' set `true' on input line 4362
.
Package hyperref Info: Option `hypertexnames' set `false' on input line 4362.
Package hyperref Info: Option `colorlinks' set `true' on input line 4362.
Package hyperref Info: Option `unicode' set `true' on input line 4362.

(/usr/local/texlive/2016/texmf-dist/tex/latex/hyperref/puenc.def
File: puenc.def 2016/06/24 v6.83q Hyperref: PDF Unicode definition (HO)
)
Package hyperref Info: Option `breaklinks' set `true' on input line 4362.
Package hyperref Info: Hyper figures OFF on input line 4486.
Package hyperref Info: Link nesting OFF on input line 4491.
Package hyperref Info: Hyper index ON on input line 4494.
Package hyperref Info: Plain pages OFF on input line 4501.
Package hyperref Info: Backreferencing OFF on input line 4506.
Package hyperref Info: Implicit mode ON; LaTeX internals redefined.
Package hyperref Info: Bookmarks ON on input line 4735.
\c@Hy@tempcnt=\count123

(/usr/local/texlive/2016/texmf-dist/tex/latex/url/url.sty
\Urlmuskip=\muskip11
Package: url 2013/09/16  ver 3.4  Verb mode for urls, etc.
)
LaTeX Info: Redefining \url on input line 5088.
\XeTeXLinkMargin=\dimen148
\Fld@menulength=\count124
\Field@Width=\dimen149
\Fld@charsize=\dimen150
Package hyperref Info: Hyper figures OFF on input line 6342.
Package hyperref Info: Link nesting OFF on input line 6347.
Package hyperref Info: Hyper index ON on input line 6350.
Package hyperref Info: backreferencing OFF on input line 6357.
Package hyperref Info: Link coloring ON on input line 6360.
Package hyperref Info: Link coloring with OCG OFF on input line 6367.
Package hyperref Info: PDF/A mode OFF on input line 6372.
LaTeX Info: Redefining \ref on input line 6412.
LaTeX Info: Redefining \pageref on input line 6416.
\Hy@abspage=\count125
\c@Item=\count126
\c@Hfootnote=\count127
)

Package hyperref Message: Driver (autodetected): hpdftex.

(/usr/local/texlive/2016/texmf-dist/tex/latex/hyperref/hpdftex.def
File: hpdftex.def 2016/06/24 v6.83q Hyperref driver for pdfTeX
\Fld@listcount=\count128
\c@bookmark@seq@number=\count129

(/usr/local/texlive/2016/texmf-dist/tex/latex/oberdiek/rerunfilecheck.sty
Package: rerunfilecheck 2016/05/16 v1.8 Rerun checks for auxiliary files (HO)
Package uniquecounter Info: New unique counter `rerunfilecheck' on input line 2
82.
)
\Hy@SectionHShift=\skip66
)
\c@dummy=\count130

(/usr/local/texlive/2016/texmf-dist/tex/latex/tools/longtable.sty
Package: longtable 2014/10/28 v4.11 Multi-page Table package (DPC)
\LTleft=\skip67
\LTright=\skip68
\LTpre=\skip69
\LTpost=\skip70
\LTchunksize=\count131
\LTcapwidth=\dimen151
\LT@head=\box31
\LT@firsthead=\box32
\LT@foot=\box33
\LT@lastfoot=\box34
\LT@cols=\count132
\LT@rows=\count133
\c@LT@tables=\count134
\c@LT@chunks=\count135
\LT@p@ftn=\toks29
))
(/usr/local/texlive/2016/texmf-dist/tex/generic/babel/babel.sty
Package: babel 2016/04/23 3.9r The Babel package

(/usr/local/texlive/2016/texmf-dist/tex/generic/babel-english/english.ldf
Language: english 2012/08/20 v3.3p English support from the babel system

(/usr/local/texlive/2016/texmf-dist/tex/generic/babel/babel.def
File: babel.def 2016/04/23 3.9r Babel common definitions
\babel@savecnt=\count136
\U@D=\dimen152
)
\l@canadian = a dialect from \language\l@american 
\l@australian = a dialect from \language\l@british 
\l@newzealand = a dialect from \language\l@british 
))
(/usr/local/texlive/2016/texmf-dist/tex/latex/natbib/natbib.sty
Package: natbib 2010/09/13 8.31b (PWD, AO)
\bibhang=\skip71
\bibsep=\skip72
LaTeX Info: Redefining \cite on input line 694.
\c@NAT@ctr=\count137
)
(/usr/local/texlive/2016/texmf-dist/tex/latex/csvsimple/csvsimple.sty
Package: csvsimple 2016/07/01 version 1.20 LaTeX CSV file processing

(/usr/local/texlive/2016/texmf-dist/tex/latex/pgf/utilities/pgfkeys.sty
(/usr/local/texlive/2016/texmf-dist/tex/generic/pgf/utilities/pgfkeys.code.tex
\pgfkeys@pathtoks=\toks30
\pgfkeys@temptoks=\toks31

(/usr/local/texlive/2016/texmf-dist/tex/generic/pgf/utilities/pgfkeysfiltered.c
ode.tex
\pgfkeys@tmptoks=\toks32
))) (/usr/local/texlive/2016/texmf-dist/tex/latex/etoolbox/etoolbox.sty
Package: etoolbox 2015/08/02 v2.2a e-TeX tools for LaTeX (JAW)
\etb@tempcnta=\count138
) (/usr/local/texlive/2016/texmf-dist/tex/latex/tools/shellesc.sty
Package: shellesc 2016/06/07 v0.02a unified shell escape interface for LaTeX
Package shellesc Info: Restricted shell escape enabled on input line 69.
)
\csv@file=\read1
\c@csvinputline=\count139
\c@csvrow=\count140
\c@csvcol=\count141
\csv@out=\write3
)
(/usr/local/texlive/2016/texmf-dist/tex/latex/wrapfig/wrapfig.sty
\wrapoverhang=\dimen153
\WF@size=\dimen154
\c@WF@wrappedlines=\count142
\WF@box=\box35
\WF@everypar=\toks33
Package: wrapfig 2003/01/31  v 3.6
)
Package hyperref Info: Option `colorlinks' set `true' on input line 9.

(/usr/local/texlive/2016/texmf-dist/tex/latex/pdfpages/pdfpages.sty
Package: pdfpages 2016/04/19 v0.5f Insert pages of external PDF documents (AM)

(/usr/local/texlive/2016/texmf-dist/tex/latex/tools/calc.sty
Package: calc 2014/10/28 v4.3 Infix arithmetic (KKT,FJ)
\calc@Acount=\count143
\calc@Bcount=\count144
\calc@Adimen=\dimen155
\calc@Bdimen=\dimen156
\calc@Askip=\skip73
\calc@Bskip=\skip74
LaTeX Info: Redefining \setlength on input line 80.
LaTeX Info: Redefining \addtolength on input line 81.
\calc@Ccount=\count145
\calc@Cskip=\skip75
)
(/usr/local/texlive/2016/texmf-dist/tex/latex/eso-pic/eso-pic.sty
Package: eso-pic 2015/07/21 v2.0g eso-pic (RN)

(/usr/local/texlive/2016/texmf-dist/tex/latex/xcolor/xcolor.sty
Package: xcolor 2016/05/11 v2.12 LaTeX color extensions (UK)

(/usr/local/texlive/2016/texmf-dist/tex/latex/graphics-cfg/color.cfg
File: color.cfg 2016/01/02 v1.6 sample color configuration
)
Package xcolor Info: Driver file: pdftex.def on input line 225.
Package xcolor Info: Model `cmy' substituted by `cmy0' on input line 1348.
Package xcolor Info: Model `hsb' substituted by `rgb' on input line 1352.
Package xcolor Info: Model `RGB' extended on input line 1364.
Package xcolor Info: Model `HTML' substituted by `rgb' on input line 1366.
Package xcolor Info: Model `Hsb' substituted by `hsb' on input line 1367.
Package xcolor Info: Model `tHsb' substituted by `hsb' on input line 1368.
Package xcolor Info: Model `HSB' substituted by `hsb' on input line 1369.
Package xcolor Info: Model `Gray' substituted by `gray' on input line 1370.
Package xcolor Info: Model `wave' substituted by `hsb' on input line 1371.
))
\AM@pagewidth=\dimen157
\AM@pageheight=\dimen158

(/usr/local/texlive/2016/texmf-dist/tex/latex/pdfpages/pppdftex.def
File: pppdftex.def 2016/04/19 v0.5f Pdfpages driver for pdfTeX (AM)
)
\AM@pagebox=\box36
\AM@global@opts=\toks34
\AM@toc@title=\toks35
\c@AM@survey=\count146
\AM@templatesizebox=\box37
)
(./Definitions.tex
\c@address=\count147
\c@alg=\count148
) (./Thesis.aux (./chapters/intro.aux)
(./chapters/question.aux) (./chapters/analysis.aux) (./chapters/tgis.aux)
(./chapters/studies.aux) (./chapters/hambledon.aux) (./chapters/summedprob.aux)
(./chapters/conc.aux) (./chapters/code.aux))
\openout1 = `Thesis.aux'.

LaTeX Font Info:    Checking defaults for OML/cmm/m/it on input line 17.
LaTeX Font Info:    ... okay on input line 17.
LaTeX Font Info:    Checking defaults for T1/cmr/m/n on input line 17.
LaTeX Font Info:    ... okay on input line 17.
LaTeX Font Info:    Checking defaults for OT1/cmr/m/n on input line 17.
LaTeX Font Info:    ... okay on input line 17.
LaTeX Font Info:    Checking defaults for OMS/cmsy/m/n on input line 17.
LaTeX Font Info:    ... okay on input line 17.
LaTeX Font Info:    Checking defaults for OMX/cmex/m/n on input line 17.
LaTeX Font Info:    ... okay on input line 17.
LaTeX Font Info:    Checking defaults for U/cmr/m/n on input line 17.
LaTeX Font Info:    ... okay on input line 17.
LaTeX Font Info:    Checking defaults for PD1/pdf/m/n on input line 17.
LaTeX Font Info:    ... okay on input line 17.
LaTeX Font Info:    Checking defaults for PU/pdf/m/n on input line 17.
LaTeX Font Info:    ... okay on input line 17.
Package caption Info: Begin \AtBeginDocument code.
Package caption Info: End \AtBeginDocument code.

(/usr/local/texlive/2016/texmf-dist/tex/context/base/mkii/supp-pdf.mkii
[Loading MPS to PDF converter (version 2006.09.02).]
\scratchcounter=\count149
\scratchdimen=\dimen159
\scratchbox=\box38
\nofMPsegments=\count150
\nofMParguments=\count151
\everyMPshowfont=\toks36
\MPscratchCnt=\count152
\MPscratchDim=\dimen160
\MPnumerator=\count153
\makeMPintoPDFobject=\count154
\everyMPtoPDFconversion=\toks37
)
\c@lstlisting=\count155
\AtBeginShipoutBox=\box39
Package hyperref Info: Link coloring ON on input line 17.
 (/usr/local/texlive/2016/texmf-dist/tex/latex/hyperref/nameref.sty
Package: nameref 2016/05/21 v2.44 Cross-referencing by name of section

(/usr/local/texlive/2016/texmf-dist/tex/generic/oberdiek/gettitlestring.sty
Package: gettitlestring 2016/05/16 v1.5 Cleanup title references (HO)
)
\c@section@level=\count156
)
LaTeX Info: Redefining \ref on input line 17.
LaTeX Info: Redefining \pageref on input line 17.
LaTeX Info: Redefining \nameref on input line 17.

(./Thesis.out) (./Thesis.out)
\@outlinefile=\write4
\openout4 = `Thesis.out'.


(/usr/local/texlive/2016/texmf-dist/tex/latex/oberdiek/pdflscape.sty
Package: pdflscape 2016/05/14 v0.11 Display of landscape pages in PDF (HO)

(/usr/local/texlive/2016/texmf-dist/tex/latex/graphics/lscape.sty
Package: lscape 2000/10/22 v3.01 Landscape Pages (DPC)
)
Package pdflscape Info: Auto-detected driver: pdftex on input line 81.
)
------------------------------------------------------------------------------
 Title Page
------------------------------------------------------------------------------
LaTeX Font Info:    Try loading font information for U+msa on input line 30.
(/usr/local/texlive/2016/texmf-dist/tex/latex/amsfonts/umsa.fd
File: umsa.fd 2013/01/14 v3.01 AMS symbols A
)
LaTeX Font Info:    Try loading font information for U+msb on input line 30.

(/usr/local/texlive/2016/texmf-dist/tex/latex/amsfonts/umsb.fd
File: umsb.fd 2013/01/14 v3.01 AMS symbols B
) [1



{/usr/local/texlive/2016/texmf-var/fonts/map/pdftex/updmap/pdftex.map}] [2

]
------------------------------------------------------------------------------
 Abstract Page
------------------------------------------------------------------------------
[3] [4

]
------------------------------------------------------------------------------
 Table of Contents
------------------------------------------------------------------------------
(./Thesis.toc [5

] [6])
\tf@toc=\write5
\openout5 = `Thesis.toc'.

 [7] [8

]
------------------------------------------------------------------------------
 List of Figures
------------------------------------------------------------------------------
(./Thesis.lof [9

] [10])
\tf@lof=\write6
\openout6 = `Thesis.lof'.

 [11] [12

]
------------------------------------------------------------------------------
 List of Tables
------------------------------------------------------------------------------
(./Thesis.lot)
\tf@lot=\write7
\openout7 = `Thesis.lot'.

 [13

] [14

]

pdfTeX warning: /Library/TeX/texbin/pdflatex (file ./decl.pdf): PDF inclusion: 
found PDF version <1.6>, but at most version <1.5> allowed
<decl.pdf, id=890, 597.52231pt x 845.0471pt>
File: decl.pdf Graphic file (type pdf)
 <use decl.pdf>
Package pdftex.def Info: decl.pdf used on input line 49.
(pdftex.def)             Requested size: 597.52086pt x 845.04504pt.


pdfTeX warning: /Library/TeX/texbin/pdflatex (file ./decl.pdf): PDF inclusion: 
found PDF version <1.6>, but at most version <1.5> allowed
File: decl.pdf Graphic file (type pdf)
<use decl.pdf>
Package pdftex.def Info: decl.pdf used on input line 49.
(pdftex.def)             Requested size: 597.52086pt x 845.04504pt.


pdfTeX warning: /Library/TeX/texbin/pdflatex (file ./decl.pdf): PDF inclusion: 
found PDF version <1.6>, but at most version <1.5> allowed


pdfTeX warning: /Library/TeX/texbin/pdflatex (file ./decl.pdf): PDF inclusion: 
found PDF version <1.6>, but at most version <1.5> allowed
<decl.pdf, id=893, page=1, 597.52231pt x 845.0471pt>
File: decl.pdf Graphic file (type pdf)
 <use decl.pdf, page 1>
Package pdftex.def Info: decl.pdf, page1 used on input line 49.
(pdftex.def)             Requested size: 597.52086pt x 845.04504pt.
File: decl.pdf Graphic file (type pdf)

<use decl.pdf, page 1>
Package pdftex.def Info: decl.pdf, page1 used on input line 49.
(pdftex.def)             Requested size: 598.14995pt x 845.93475pt.
File: decl.pdf Graphic file (type pdf)
 <use decl.pdf, page 1>
Package pdftex.def Info: decl.pdf, page1 used on input line 49.
(pdftex.def)             Requested size: 598.14995pt x 845.93475pt.
File: decl.pdf Graphic file (type pdf)
 <use decl.pdf, page 1>
Package pdftex.def Info: decl.pdf, page1 used on input line 49.
(pdftex.def)             Requested size: 598.14995pt x 845.93475pt.
File: decl.pdf Graphic file (type pdf)

<use decl.pdf, page 1>
Package pdftex.def Info: decl.pdf, page1 used on input line 49.
(pdftex.def)             Requested size: 598.14995pt x 845.93475pt.
 [15 <./decl.pdf>]
------------------------------------------------------------------------------
 Acknowledgements
------------------------------------------------------------------------------
[16]
\openout2 = `chapters/intro.aux'.

 (./chapters/intro.tex
Chapter 1.
------------------------------------------------------------------------------
 1 Introduction
------------------------------------------------------------------------------
[1




] [2] <figures/hanford-remodelled.jpg, id=1027, 481.8pt x 392.96812pt>
File: figures/hanford-remodelled.jpg Graphic file (type jpg)

<use figures/hanford-remodelled.jpg>
Package pdftex.def Info: figures/hanford-remodelled.jpg used on input line 27.
(pdftex.def)             Requested size: 375.7232pt x 306.45992pt.
 [3]
<figures/hambledon-earthworks2.png, id=1042, 531.9875pt x 573.14125pt>
File: figures/hambledon-earthworks2.png Graphic file (type png)

<use figures/hambledon-earthworks2.png>
Package pdftex.def Info: figures/hambledon-earthworks2.png used on input line 3
8.
(pdftex.def)             Requested size: 375.73311pt x 404.79926pt.

<figures/hambledon-devel.png, id=1048, 456.70625pt x 682.55pt>
File: figures/hambledon-devel.png Graphic file (type png)

<use figures/hambledon-devel.png>
Package pdftex.def Info: figures/hambledon-devel.png used on input line 47.
(pdftex.def)             Requested size: 375.73502pt x 561.53806pt.
 [4 <./figures/hanford-remodelled.jpg>]
[5 <./figures/hambledon-earthworks2.png>] [6 <./figures/hambledon-devel.png>]
Missing character: There is no Ä in font cmr10!
Missing character: There is no ù in font cmr10!

[7]
Missing character: There is no Ä in font cmr10!
Missing character: There is no ò in font cmr10!
Missing character: There is no Ä in font cmr10!
Missing character: There is no ô in font cmr10!
 [8] [9] <figures/time-slices.jpg, id=1183, 213.79875pt x 186.6975pt>
File: figures/time-slices.jpg Graphic file (type jpg)

<use figures/time-slices.jpg>
Package pdftex.def Info: figures/time-slices.jpg used on input line 73.
(pdftex.def)             Requested size: 166.98668pt x 145.82002pt.

<figures/time-symbol.jpg, id=1184, 213.79875pt x 123.46124pt>
File: figures/time-symbol.jpg Graphic file (type jpg)

<use figures/time-symbol.jpg>
Package pdftex.def Info: figures/time-symbol.jpg used on input line 74.
(pdftex.def)             Requested size: 166.98668pt x 96.42935pt.

<figures/time-arrows.jpg, id=1185, 204.765pt x 171.64125pt>
File: figures/time-arrows.jpg Graphic file (type jpg)

<use figures/time-arrows.jpg>
Package pdftex.def Info: figures/time-arrows.jpg used on input line 75.
(pdftex.def)             Requested size: 166.98668pt x 139.98195pt.

<figures/time-diff.jpg, id=1186, 204.765pt x 167.62625pt>
File: figures/time-diff.jpg Graphic file (type jpg)

<use figures/time-diff.jpg>
Package pdftex.def Info: figures/time-diff.jpg used on input line 76.
(pdftex.def)             Requested size: 166.98668pt x 136.70753pt.
 [10 <./figures/time-slices.jpg> <./figures/time-symbol.jpg> <./figures/time-ar
rows.jpg> <./figures/time-diff.jpg>] [11] [12]
<figures/maya-1.png, id=1259, 743.77875pt x 670.505pt>
File: figures/maya-1.png Graphic file (type png)

<use figures/maya-1.png>
Package pdftex.def Info: figures/maya-1.png used on input line 95.
(pdftex.def)             Requested size: 375.7232pt x 338.72002pt.
 [13] [14 <./figures/maya-1.png>]) [15]
\openout2 = `chapters/question.aux'.


(./chapters/question.tex [16



]
Chapter 2.
------------------------------------------------------------------------------
 2 Questions for Spatio-temporal Data
------------------------------------------------------------------------------
[17] [18] [19]
Missing character: There is no Ä in font cmr10!
Missing character: There is no ú in font cmr10!
Missing character: There is no Ä in font cmr10!
Missing character: There is no ù in font cmr10!
 [20] [21] [22] [23] [24] [25]
Missing character: There is no Ä in font cmr10!
Missing character: There is no ò in font cmr10!
 [26] [27] [28] [29] [30]
<figures/time-cube.jpg, id=1630, 1002.74625pt x 803.0pt>
File: figures/time-cube.jpg Graphic file (type jpg)

<use figures/time-cube.jpg>
Package pdftex.def Info: figures/time-cube.jpg used on input line 85.
(pdftex.def)             Requested size: 375.7232pt x 300.87921pt.
 [31] [32 <./figures/time-cube.jpg>]
Overfull \hbox (5.2887pt too wide) in paragraph at lines 97--98
[]\OT1/cmr/m/n/10.95 While the ar-chae-o-log-i-cal in-ter-est in phe-nomenol-og
y is ex-ten-sive, the use of time-geography
 []

[33] [34] [35] [36]) [37]
\openout2 = `chapters/analysis.aux'.

 (./chapters/analysis.tex [38



]
Chapter 3.
------------------------------------------------------------------------------
 3 Methods for Data Analysis
------------------------------------------------------------------------------
[39] [40] [41] [42] [43] [44]
<figures/date-counts.png, id=1980, 548.0475pt x 400.49625pt>
File: figures/date-counts.png Graphic file (type png)

<use figures/date-counts.png>
Package pdftex.def Info: figures/date-counts.png used on input line 52.
(pdftex.def)             Requested size: 250.48637pt x 183.05107pt.
 [45] [46 <./figures/date-counts.png>] [47]
[48] [49] [50] <figures/green1.jpg, id=2158, 3519.1475pt x 2490.30376pt>
File: figures/green1.jpg Graphic file (type jpg)

<use figures/green1.jpg>
Package pdftex.def Info: figures/green1.jpg used on input line 101.
(pdftex.def)             Requested size: 375.7235pt x 265.8785pt.
 [51 <./figures/green1.jpg>]
<figures/green2.jpg, id=2181, 3519.1475pt x 2490.30376pt>
File: figures/green2.jpg Graphic file (type jpg)

<use figures/green2.jpg>
Package pdftex.def Info: figures/green2.jpg used on input line 111.
(pdftex.def)             Requested size: 375.7235pt x 265.8785pt.
 [52 <./figures/green2.jpg>]
<figures/green3.jpg, id=2195, 3519.1475pt x 2490.30376pt>
File: figures/green3.jpg Graphic file (type jpg)

<use figures/green3.jpg>
Package pdftex.def Info: figures/green3.jpg used on input line 120.
(pdftex.def)             Requested size: 375.7235pt x 265.8785pt.
 [53 <./figures/green3.jpg>] [54] [55]
<figures/kde-plot.jpg, id=2259, 870.25125pt x 410.53375pt>
File: figures/kde-plot.jpg Graphic file (type jpg)

<use figures/kde-plot.jpg>
Package pdftex.def Info: figures/kde-plot.jpg used on input line 140.
(pdftex.def)             Requested size: 375.72783pt x 177.24646pt.

Overfull \hbox (1.2128pt too wide) in paragraph at lines 153--154
[]\OT1/cmr/m/n/10.95 Point one is ob-vi-ous, how-ever the math-e-mat-i-cal mode
l pre-sented by [][]Demj^^San & Dreslerov^^Sa[][]
 []

[56 <./figures/kde-plot.jpg>] [57]) [58]
\openout2 = `chapters/tgis.aux'.

 (./chapters/tgis.tex
Chapter 4.
------------------------------------------------------------------------------
 4 Spatio-Temporal Software
------------------------------------------------------------------------------
[59



]
LaTeX Font Info:    Try loading font information for OMS+cmr on input line 14.
 (/usr/local/texlive/2016/texmf-dist/tex/latex/base/omscmr.fd
File: omscmr.fd 2014/09/29 v2.5h Standard LaTeX font definitions
)
LaTeX Font Info:    Font shape `OMS/cmr/m/n' in size <10.95> not available
(Font)              Font shape `OMS/cmsy/m/n' tried instead on input line 14.
 [60]
[61] [62] [63] [64] [65] [66] [67] [68] [69] [70] [71] [72] [73] [74]) [75]
\openout2 = `chapters/studies.aux'.


(./chapters/studies.tex [76



]
Chapter 5.
------------------------------------------------------------------------------
 5 Case Studies
------------------------------------------------------------------------------
[77] [78]) [79]
\openout2 = `chapters/hambledon.aux'.

 (./chapters/hambledon.tex [80



]
Chapter 6.
------------------------------------------------------------------------------
 6 Hambledon Hill
------------------------------------------------------------------------------
<figures/hambledon-location.jpg, id=2614, 240.9pt x 216.81pt>
File: figures/hambledon-location.jpg Graphic file (type jpg)

<use figures/hambledon-location.jpg>
Package pdftex.def Info: figures/hambledon-location.jpg used on input line 9.
(pdftex.def)             Requested size: 292.22987pt x 263.03232pt.
 [81]
<figures/excavation-plan.png, id=2636, 1037.8775pt x 1086.0575pt>
File: figures/excavation-plan.png Graphic file (type png)

<use figures/excavation-plan.png>
Package pdftex.def Info: figures/excavation-plan.png used on input line 19.
(pdftex.def)             Requested size: 375.7232pt x 393.1679pt.

<figures/periods.png, id=2641, 844.88309pt x 597.39734pt>
File: figures/periods.png Graphic file (type png)

<use figures/periods.png>
Package pdftex.def Info: figures/periods.png used on input line 29.
(pdftex.def)             Requested size: 375.7232pt x 265.66322pt.
 [82 <./figures/hambledon-location.jpg>]
<figures/meso-features.png, id=2663, 844.8363pt x 597.432pt>
File: figures/meso-features.png Graphic file (type png)

<use figures/meso-features.png>
Package pdftex.def Info: figures/meso-features.png used on input line 42.
(pdftex.def)             Requested size: 375.7232pt x 265.69687pt.
 [83 <./figures/excavation-plan.png>] [84 <./figures/periods.png> <./figures/me
so-features.png>]
<figures/meso-area.png, id=2689, 844.8363pt x 597.432pt>
File: figures/meso-area.png Graphic file (type png)

<use figures/meso-area.png>
Package pdftex.def Info: figures/meso-area.png used on input line 59.
(pdftex.def)             Requested size: 375.7232pt x 265.69687pt.

<figures/period-model.jpg, id=2694, 496.10344pt x 513.41812pt>
File: figures/period-model.jpg Graphic file (type jpg)

<use figures/period-model.jpg>
Package pdftex.def Info: figures/period-model.jpg used on input line 72.
(pdftex.def)             Requested size: 375.7232pt x 388.83868pt.
 [85]
<figures/dates.png, id=2706, 842.14626pt x 676.5275pt>
File: figures/dates.png Graphic file (type png)
 <use figures/dates.png>
Package pdftex.def Info: figures/dates.png used on input line 83.
(pdftex.def)             Requested size: 375.7232pt x 301.83316pt.

<figures/dated-features.png, id=2707, 817.0525pt x 604.2575pt>
File: figures/dated-features.png Graphic file (type png)

<use figures/dated-features.png>
Package pdftex.def Info: figures/dated-features.png used on input line 90.
(pdftex.def)             Requested size: 375.7232pt x 277.86961pt.
 [86 <./figures/meso-area.png>]
<figures/model1.jpg, id=2718, 496.10344pt x 680.5425pt>
File: figures/model1.jpg Graphic file (type jpg)

<use figures/model1.jpg>
Package pdftex.def Info: figures/model1.jpg used on input line 102.
(pdftex.def)             Requested size: 292.22987pt x 400.87277pt.

<figures/model1-plan.png, id=2719, 952.55875pt x 604.2575pt>
File: figures/model1-plan.png Graphic file (type png)

<use figures/model1-plan.png>
Package pdftex.def Info: figures/model1-plan.png used on input line 103.
(pdftex.def)             Requested size: 375.7232pt x 238.34256pt.
 [87 <./figures/period-model.jpg>] [88 <./figures/dates.png> <./figures/dated-f
eatures.png>] [89 <./figures/model1.jpg> <./figures/model1-plan.png>] <figures/
model2.jpg, id=2744, 496.10344pt x 531.48563pt>
File: figures/model2.jpg Graphic file (type jpg)

<use figures/model2.jpg>
Package pdftex.def Info: figures/model2.jpg used on input line 112.
(pdftex.def)             Requested size: 292.22987pt x 313.071pt.

<figures/model2-plan.png, id=2745, 952.55875pt x 604.2575pt>
File: figures/model2-plan.png Graphic file (type png)

<use figures/model2-plan.png>
Package pdftex.def Info: figures/model2-plan.png used on input line 113.
(pdftex.def)             Requested size: 375.7232pt x 238.34256pt.

<figures/central-isolated.png, id=2753, 842.14626pt x 676.5275pt>
File: figures/central-isolated.png Graphic file (type png)

<use figures/central-isolated.png>
Package pdftex.def Info: figures/central-isolated.png used on input line 122.
(pdftex.def)             Requested size: 375.7232pt x 301.83316pt.
 [90] [91] [92 <./figures/model2.jpg> <./figures/model2-plan.png>] [93 <./figur
es/central-isolated.png>]
<figures/model3.jpg, id=2784, 496.10344pt x 655.69969pt>
File: figures/model3.jpg Graphic file (type jpg)

<use figures/model3.jpg>
Package pdftex.def Info: figures/model3.jpg used on input line 146.
(pdftex.def)             Requested size: 292.22987pt x 386.23915pt.

<figures/model3-plan.png, id=2785, 952.55875pt x 604.2575pt>
File: figures/model3-plan.png Graphic file (type png)

<use figures/model3-plan.png>
Package pdftex.def Info: figures/model3-plan.png used on input line 147.
(pdftex.def)             Requested size: 375.7232pt x 238.34256pt.
 [94] [95 <./figures/model3.jpg> <./figures/model3-plan.png>] <figures/model4.j
pg, id=2823, 496.10344pt x 493.0922pt>
File: figures/model4.jpg Graphic file (type jpg)

<use figures/model4.jpg>
Package pdftex.def Info: figures/model4.jpg used on input line 166.
(pdftex.def)             Requested size: 292.22987pt x 290.45538pt.

<figures/model4-plan.png, id=2824, 952.55875pt x 604.2575pt>
File: figures/model4-plan.png Graphic file (type png)

<use figures/model4-plan.png>
Package pdftex.def Info: figures/model4-plan.png used on input line 167.
(pdftex.def)             Requested size: 375.7232pt x 238.34256pt.
 [96] [97 <./figures/model4.jpg> <./figures/model4-plan.png>] <figures/model5.j
pg, id=2858, 496.10344pt x 570.63188pt>
File: figures/model5.jpg Graphic file (type jpg)

<use figures/model5.jpg>
Package pdftex.def Info: figures/model5.jpg used on input line 184.
(pdftex.def)             Requested size: 292.22987pt x 336.13005pt.

<figures/model5-plan.png, id=2859, 952.55875pt x 604.2575pt>
File: figures/model5-plan.png Graphic file (type png)

<use figures/model5-plan.png>
Package pdftex.def Info: figures/model5-plan.png used on input line 185.
(pdftex.def)             Requested size: 375.7232pt x 238.34256pt.
 [98] [99 <./figures/model5.jpg> <./figures/model5-plan.png>]
<figures/stepleton-preoutwork.png, id=2883, 842.14626pt x 676.5275pt>
File: figures/stepleton-preoutwork.png Graphic file (type png)

<use figures/stepleton-preoutwork.png>
Package pdftex.def Info: figures/stepleton-preoutwork.png used on input line 19
4.
(pdftex.def)             Requested size: 375.7232pt x 301.83316pt.
 [100 <./figures/stepleton-preoutwork.png>] <figures/model6.jpg, id=2916, 496.1
0344pt x 544.28343pt>
File: figures/model6.jpg Graphic file (type jpg)

<use figures/model6.jpg>
Package pdftex.def Info: figures/model6.jpg used on input line 208.
(pdftex.def)             Requested size: 292.22987pt x 320.60953pt.

<figures/model6-plan3.png, id=2917, 817.0525pt x 604.2575pt>
File: figures/model6-plan3.png Graphic file (type png)

<use figures/model6-plan3.png>
Package pdftex.def Info: figures/model6-plan3.png used on input line 209.
(pdftex.def)             Requested size: 375.7232pt x 277.86961pt.
 [101]
<figures/model6-plan1.png, id=2931, 817.0525pt x 604.2575pt>
File: figures/model6-plan1.png Graphic file (type png)

<use figures/model6-plan1.png>
Package pdftex.def Info: figures/model6-plan1.png used on input line 218.
(pdftex.def)             Requested size: 333.97972pt x 247.00034pt.

<figures/model6-plan2.png, id=2932, 817.0525pt x 604.2575pt>
File: figures/model6-plan2.png Graphic file (type png)

<use figures/model6-plan2.png>
Package pdftex.def Info: figures/model6-plan2.png used on input line 219.
(pdftex.def)             Requested size: 333.97972pt x 247.00034pt.
 [102] [103 <./figures/model6.jpg> <./figures/model6-plan3.png>] [104 <./figure
s/model6-plan1.png> <./figures/model6-plan2.png>] [105] <figures/central-phasei
-model.jpg, id=2975, 481.8pt x 603.0028pt>
File: figures/central-phasei-model.jpg Graphic file (type jpg)

<use figures/central-phasei-model.jpg>
Package pdftex.def Info: figures/central-phasei-model.jpg used on input line 24
1.
(pdftex.def)             Requested size: 375.7232pt x 470.25748pt.
 [106] [107 <./figures/central-phasei-model.jpg>] [108]
File: figures/hanford-remodelled.jpg Graphic file (type jpg)
 <use figures/hanford-remodelled.jpg>
Package pdftex.def Info: figures/hanford-remodelled.jpg used on input line 263.

(pdftex.def)             Requested size: 375.7232pt x 306.45992pt.
 [109]
<figures/dated-confidence.png, id=3000, 2489.3pt x 3520.15125pt>
File: figures/dated-confidence.png Graphic file (type png)

<use figures/dated-confidence.png>
Package pdftex.def Info: figures/dated-confidence.png used on input line 273.
(pdftex.def)             Requested size: 375.7232pt x 531.27641pt.
 [110] [111 <./figures/dated-confidence.png>] <figures/dated-confidence-buffer.
png, id=3013, 844.8363pt x 597.432pt>
File: figures/dated-confidence-buffer.png Graphic file (type png)

<use figures/dated-confidence-buffer.png>
Package pdftex.def Info: figures/dated-confidence-buffer.png used on input line
 286.
(pdftex.def)             Requested size: 375.7232pt x 265.69687pt.
 [112 <./figures/dated-confidence-buffer.png>] [113] [114] [115] [116] [117]
<figures/cluster-HH.png, id=3055, 844.8363pt x 597.432pt>
File: figures/cluster-HH.png Graphic file (type png)

<use figures/cluster-HH.png>
Package pdftex.def Info: figures/cluster-HH.png used on input line 355.
(pdftex.def)             Requested size: 375.7232pt x 265.69687pt.

<figures/cluster-LH.png, id=3056, 844.8363pt x 597.432pt>
File: figures/cluster-LH.png Graphic file (type png)

<use figures/cluster-LH.png>
Package pdftex.def Info: figures/cluster-LH.png used on input line 362.
(pdftex.def)             Requested size: 375.7232pt x 265.69687pt.
 [118] [119 <./figures/cluster-HH.png> <./figures/cluster-LH.png>] [120]
<figures/cluster-HH-mean.png, id=3085, 844.8363pt x 597.432pt>
File: figures/cluster-HH-mean.png Graphic file (type png)

<use figures/cluster-HH-mean.png>
Package pdftex.def Info: figures/cluster-HH-mean.png used on input line 379.
(pdftex.def)             Requested size: 333.97972pt x 236.17905pt.

<figures/cluster-LH-mean.png, id=3086, 844.8363pt x 597.432pt>
File: figures/cluster-LH-mean.png Graphic file (type png)

<use figures/cluster-LH-mean.png>
Package pdftex.def Info: figures/cluster-LH-mean.png used on input line 380.
(pdftex.def)             Requested size: 333.97972pt x 236.17905pt.

<figures/hotspot-1.png, id=3088, 844.8363pt x 597.432pt>
File: figures/hotspot-1.png Graphic file (type png)

<use figures/hotspot-1.png>
Package pdftex.def Info: figures/hotspot-1.png used on input line 392.
(pdftex.def)             Requested size: 333.97972pt x 236.17905pt.

<figures/hotspot-2.png, id=3089, 844.8363pt x 597.432pt>
File: figures/hotspot-2.png Graphic file (type png)

<use figures/hotspot-2.png>
Package pdftex.def Info: figures/hotspot-2.png used on input line 399.
(pdftex.def)             Requested size: 333.97972pt x 236.17905pt.

<figures/hotspot-6.png, id=3090, 844.8363pt x 597.432pt>
File: figures/hotspot-6.png Graphic file (type png)

<use figures/hotspot-6.png>
Package pdftex.def Info: figures/hotspot-6.png used on input line 400.
(pdftex.def)             Requested size: 333.97972pt x 236.17905pt.

<figures/hotspot-3.png, id=3091, 844.8363pt x 597.432pt>
File: figures/hotspot-3.png Graphic file (type png)

<use figures/hotspot-3.png>
Package pdftex.def Info: figures/hotspot-3.png used on input line 407.
(pdftex.def)             Requested size: 292.22987pt x 206.6521pt.

<figures/hotspot-4.png, id=3092, 844.8363pt x 597.432pt>
File: figures/hotspot-4.png Graphic file (type png)

<use figures/hotspot-4.png>
Package pdftex.def Info: figures/hotspot-4.png used on input line 408.
(pdftex.def)             Requested size: 292.22987pt x 206.6521pt.

<figures/hotspot-5.png, id=3093, 844.8363pt x 597.432pt>
File: figures/hotspot-5.png Graphic file (type png)

<use figures/hotspot-5.png>
Package pdftex.def Info: figures/hotspot-5.png used on input line 409.
(pdftex.def)             Requested size: 292.22987pt x 206.6521pt.
 [121] [122 <./figures/cluster-HH-mean.png> <./figures/cluster-LH-mean.png>] [1
23 <./figures/hotspot-1.png>] [124 <./figures/hotspot-2.png> <./figures/hotspot
-6.png>] [125 <./figures/hotspot-3.png> <./figures/hotspot-4.png> <./figures/ho
tspot-5.png>] [126] [127] [128] [129] [130] [131]
[132] [133] [134]) [135] [136]
\openout2 = `chapters/summedprob.aux'.

 (./chapters/summedprob.tex
Chapter 7.
------------------------------------------------------------------------------
 7 Spread of the Neolithic through Central and Northern Europe
------------------------------------------------------------------------------
[137



] [138] [139] [140] [141] [142] [143] [144] [145] [146] [147] [148]
[149] [150] [151] [152] [153] [154] [155]
<figures/grid.jpg, id=3679, 747.54282pt x 414.79968pt>
File: figures/grid.jpg Graphic file (type jpg)
 <use figures/grid.jpg>
Package pdftex.def Info: figures/grid.jpg used on input line 141.
(pdftex.def)             Requested size: 375.7232pt x 208.48164pt.

[156] [157 <./figures/grid.jpg>]
<figures/euroevol-detailed3.jpg, id=3697, 845.40843pt x 596.98032pt>
File: figures/euroevol-detailed3.jpg Graphic file (type jpg)

<use figures/euroevol-detailed3.jpg>
Package pdftex.def Info: figures/euroevol-detailed3.jpg used on input line 162.

(pdftex.def)             Requested size: 375.7232pt x 265.31381pt.
 [158 <./figures/euroevol-detailed3.jpg>]
<figures/euroevol-detailed2.jpg, id=3709, 845.40843pt x 596.98032pt>
File: figures/euroevol-detailed2.jpg Graphic file (type jpg)

<use figures/euroevol-detailed2.jpg>
Package pdftex.def Info: figures/euroevol-detailed2.jpg used on input line 172.

(pdftex.def)             Requested size: 375.7232pt x 265.31381pt.
 [159 <./figures/euroevol-detailed2.jpg>]
<figures/euroevol-null.jpg, id=3715, 747.54282pt x 414.79968pt>
File: figures/euroevol-null.jpg Graphic file (type jpg)

<use figures/euroevol-null.jpg>
Package pdftex.def Info: figures/euroevol-null.jpg used on input line 185.
(pdftex.def)             Requested size: 375.7232pt x 208.48164pt.

<figures/euroevol-values.jpg, id=3717, 845.40843pt x 596.98032pt>
File: figures/euroevol-values.jpg Graphic file (type jpg)

<use figures/euroevol-values.jpg>
Package pdftex.def Info: figures/euroevol-values.jpg used on input line 196.
(pdftex.def)             Requested size: 375.7232pt x 265.31381pt.
 [160 <./figures/euroevol-null.jpg>]
<figures/euroevol-late-neo.jpg, id=3725, 845.40843pt x 596.98032pt>
File: figures/euroevol-late-neo.jpg Graphic file (type jpg)

<use figures/euroevol-late-neo.jpg>
Package pdftex.def Info: figures/euroevol-late-neo.jpg used on input line 206.
(pdftex.def)             Requested size: 375.7232pt x 265.31381pt.
 [161 <./figures/euroevol-values.jpg>]
[162 <./figures/euroevol-late-neo.jpg>] [163]
Overfull \hbox (8.69536pt too wide) in paragraph at lines 223--224
\OT1/cmr/m/n/10.95 To ap-ply an epi-demi-o-log-i-cal model to the spread of the
 Ne-olithic re-quires a re-consideration
 []

[164] [165] <figures/model-all.jpg, id=3775, 844.65562pt x 597.73312pt>
File: figures/model-all.jpg Graphic file (type jpg)

<use figures/model-all.jpg>
Package pdftex.def Info: figures/model-all.jpg used on input line 240.
(pdftex.def)             Requested size: 375.7232pt x 265.89464pt.
 [166 <./figures/model-all.jpg>]
<figures/model-empty.jpg, id=3782, 844.65562pt x 597.73312pt>
File: figures/model-empty.jpg Graphic file (type jpg)

<use figures/model-empty.jpg>
Package pdftex.def Info: figures/model-empty.jpg used on input line 251.
(pdftex.def)             Requested size: 375.7232pt x 265.89464pt.

<figures/model-0.jpg, id=3784, 844.65562pt x 597.73312pt>
File: figures/model-0.jpg Graphic file (type jpg)

<use figures/model-0.jpg>
Package pdftex.def Info: figures/model-0.jpg used on input line 262.
(pdftex.def)             Requested size: 333.97972pt x 236.35281pt.

<figures/euroevol-0.jpg, id=3785, 845.40843pt x 596.98032pt>
File: figures/euroevol-0.jpg Graphic file (type jpg)

<use figures/euroevol-0.jpg>
Package pdftex.def Info: figures/euroevol-0.jpg used on input line 263.
(pdftex.def)             Requested size: 333.97972pt x 235.83652pt.

<figures/model-1.jpg, id=3787, 844.65562pt x 597.73312pt>
File: figures/model-1.jpg Graphic file (type jpg)

<use figures/model-1.jpg>
Package pdftex.def Info: figures/model-1.jpg used on input line 272.
(pdftex.def)             Requested size: 333.97972pt x 236.35281pt.

<figures/euroevol-1.jpg, id=3788, 845.40843pt x 596.98032pt>
File: figures/euroevol-1.jpg Graphic file (type jpg)

<use figures/euroevol-1.jpg>
Package pdftex.def Info: figures/euroevol-1.jpg used on input line 273.
(pdftex.def)             Requested size: 333.97972pt x 235.83652pt.
 [167 <./figures/model-empty.jpg>]
<figures/model-2.jpg, id=3795, 844.65562pt x 597.73312pt>
File: figures/model-2.jpg Graphic file (type jpg)

<use figures/model-2.jpg>
Package pdftex.def Info: figures/model-2.jpg used on input line 282.
(pdftex.def)             Requested size: 333.97972pt x 236.35281pt.

<figures/euroevol-2.jpg, id=3796, 845.40843pt x 596.98032pt>
File: figures/euroevol-2.jpg Graphic file (type jpg)

<use figures/euroevol-2.jpg>
Package pdftex.def Info: figures/euroevol-2.jpg used on input line 283.
(pdftex.def)             Requested size: 333.97972pt x 235.83652pt.

<figures/model-3.jpg, id=3797, 844.65562pt x 597.73312pt>
File: figures/model-3.jpg Graphic file (type jpg)

<use figures/model-3.jpg>
Package pdftex.def Info: figures/model-3.jpg used on input line 290.
(pdftex.def)             Requested size: 333.97972pt x 236.35281pt.

<figures/euroevol-3.jpg, id=3798, 845.40843pt x 596.98032pt>
File: figures/euroevol-3.jpg Graphic file (type jpg)

<use figures/euroevol-3.jpg>
Package pdftex.def Info: figures/euroevol-3.jpg used on input line 291.
(pdftex.def)             Requested size: 333.97972pt x 235.83652pt.
 [168 <./figures/model-0.jpg> <./figures/euroevol-0.jpg>] <figures/model-4.jpg,
 id=3815, 844.65562pt x 597.73312pt>
File: figures/model-4.jpg Graphic file (type jpg)

<use figures/model-4.jpg>
Package pdftex.def Info: figures/model-4.jpg used on input line 300.
(pdftex.def)             Requested size: 333.97972pt x 236.35281pt.

<figures/euroevol-4.jpg, id=3816, 845.40843pt x 596.98032pt>
File: figures/euroevol-4.jpg Graphic file (type jpg)

<use figures/euroevol-4.jpg>
Package pdftex.def Info: figures/euroevol-4.jpg used on input line 301.
(pdftex.def)             Requested size: 333.97972pt x 235.83652pt.
 [169 <./figures/model-1.jpg> <./figures/euroevol-1.jpg>] <figures/model-5.jpg,
 id=3821, 844.65562pt x 597.73312pt>
File: figures/model-5.jpg Graphic file (type jpg)

<use figures/model-5.jpg>
Package pdftex.def Info: figures/model-5.jpg used on input line 308.
(pdftex.def)             Requested size: 333.97972pt x 236.35281pt.

<figures/euroevol-5.jpg, id=3822, 845.40843pt x 596.98032pt>
File: figures/euroevol-5.jpg Graphic file (type jpg)

<use figures/euroevol-5.jpg>
Package pdftex.def Info: figures/euroevol-5.jpg used on input line 309.
(pdftex.def)             Requested size: 333.97972pt x 235.83652pt.
 [170 <./figures/model-2.jpg> <./figures/euroevol-2.jpg>] <figures/model-6.jpg,
 id=3827, 844.65562pt x 597.73312pt>
File: figures/model-6.jpg Graphic file (type jpg)

<use figures/model-6.jpg>
Package pdftex.def Info: figures/model-6.jpg used on input line 318.
(pdftex.def)             Requested size: 333.97972pt x 236.35281pt.

<figures/euroevol-6.jpg, id=3828, 845.40843pt x 596.98032pt>
File: figures/euroevol-6.jpg Graphic file (type jpg)

<use figures/euroevol-6.jpg>
Package pdftex.def Info: figures/euroevol-6.jpg used on input line 319.
(pdftex.def)             Requested size: 333.97972pt x 235.83652pt.

<figures/model-7.jpg, id=3829, 844.65562pt x 597.73312pt>
File: figures/model-7.jpg Graphic file (type jpg)

<use figures/model-7.jpg>
Package pdftex.def Info: figures/model-7.jpg used on input line 326.
(pdftex.def)             Requested size: 333.97972pt x 236.35281pt.

<figures/euroevol-7.jpg, id=3830, 845.40843pt x 596.98032pt>
File: figures/euroevol-7.jpg Graphic file (type jpg)

<use figures/euroevol-7.jpg>
Package pdftex.def Info: figures/euroevol-7.jpg used on input line 327.
(pdftex.def)             Requested size: 333.97972pt x 235.83652pt.
 [171 <./figures/model-3.jpg> <./figures/euroevol-3.jpg>] [172 <./figures/model
-4.jpg> <./figures/euroevol-4.jpg>]
<figures/model-8.jpg, id=3846, 844.65562pt x 597.73312pt>
File: figures/model-8.jpg Graphic file (type jpg)

<use figures/model-8.jpg>
Package pdftex.def Info: figures/model-8.jpg used on input line 336.
(pdftex.def)             Requested size: 333.97972pt x 236.35281pt.

<figures/euroevol-8.jpg, id=3847, 845.40843pt x 596.98032pt>
File: figures/euroevol-8.jpg Graphic file (type jpg)

<use figures/euroevol-8.jpg>
Package pdftex.def Info: figures/euroevol-8.jpg used on input line 337.
(pdftex.def)             Requested size: 333.97972pt x 235.83652pt.

<figures/model-9.jpg, id=3848, 844.65562pt x 597.73312pt>
File: figures/model-9.jpg Graphic file (type jpg)

<use figures/model-9.jpg>
Package pdftex.def Info: figures/model-9.jpg used on input line 344.
(pdftex.def)             Requested size: 333.97972pt x 236.35281pt.

<figures/euroevol-9.jpg, id=3849, 845.40843pt x 596.98032pt>
File: figures/euroevol-9.jpg Graphic file (type jpg)

<use figures/euroevol-9.jpg>
Package pdftex.def Info: figures/euroevol-9.jpg used on input line 345.
(pdftex.def)             Requested size: 333.97972pt x 235.83652pt.
 [173 <./figures/model-5.jpg> <./figures/euroevol-5.jpg>] <figures/model-10.jpg
, id=3862, 844.65562pt x 597.73312pt>
File: figures/model-10.jpg Graphic file (type jpg)

<use figures/model-10.jpg>
Package pdftex.def Info: figures/model-10.jpg used on input line 354.
(pdftex.def)             Requested size: 333.97972pt x 236.35281pt.

<figures/euroevol-10.jpg, id=3863, 845.40843pt x 596.98032pt>
File: figures/euroevol-10.jpg Graphic file (type jpg)

<use figures/euroevol-10.jpg>
Package pdftex.def Info: figures/euroevol-10.jpg used on input line 355.
(pdftex.def)             Requested size: 333.97972pt x 235.83652pt.
 [174 <./figures/model-6.jpg> <./figures/euroevol-6.jpg>] [175 <./figures/model
-7.jpg> <./figures/euroevol-7.jpg>] [176 <./figures/model-8.jpg> <./figures/eur
oevol-8.jpg>] [177 <./figures/model-9.jpg> <./figures/euroevol-9.jpg>] [178 <./
figures/model-10.jpg> <./figures/euroevol-10.jpg>]) [179]
\openout2 = `chapters/conc.aux'.

 (./chapters/conc.tex [180



]
Chapter 8.
------------------------------------------------------------------------------
 8 Review and Conclusions
------------------------------------------------------------------------------
[181] [182] [183] [184] [185] [186] [187] [188] [189] [190] [191] [192]
[193] [194]) [195]
\openout2 = `chapters/code.aux'.

 (./chapters/code.tex [196



]
Appendix A.
------------------------------------------------------------------------------
 A Description of custom software
------------------------------------------------------------------------------
[197] [198] [199]) [200]
------------------------------------------------------------------------------
 Bibliography
------------------------------------------------------------------------------
(./Thesis.bbl
Underfull \hbox (badness 10000) in paragraph at lines 4--7
\OT1/cmr/bx/n/10.95 URL: \OT1/cmr/m/it/10.95 http://desktop.arcgis.com/en/arcma
p/10.3/tools/spatial-statistics-
 []

[201



] [202] [203] [204] [205]
Underfull \hbox (badness 3977) in paragraph at lines 449--453
[]\OT1/cmr/m/n/10.95 Holtorf, C. (2000-2008), `Mon-u-men-tal past: The life-his
tories of me-galithic
 []


Underfull \hbox (badness 7221) in paragraph at lines 449--453
\OT1/cmr/m/n/10.95 mon-u-ments in mecklenburg-vorpommern (ger-many)', Elec-tron
ic mono-graph.
 []


Underfull \hbox (badness 5548) in paragraph at lines 449--453
\OT1/cmr/m/n/10.95 Uni-ver-sity of Toronto: Cen-tre for In-struc-tional Tech-no
l-ogy De-vel-op-ment.
 []

[206] [207] [208] [209] [210] [211] [212] [213])
Package atveryend Info: Empty hook `BeforeClearDocument' on input line 80.
 [214]
Package atveryend Info: Empty hook `AfterLastShipout' on input line 80.
 (./Thesis.aux
(./chapters/intro.aux) (./chapters/question.aux) (./chapters/analysis.aux)
(./chapters/tgis.aux) (./chapters/studies.aux) (./chapters/hambledon.aux)
(./chapters/summedprob.aux) (./chapters/conc.aux) (./chapters/code.aux))
Package atveryend Info: Executing hook `AtVeryEndDocument' on input line 80.
Package atveryend Info: Executing hook `AtEndAfterFileList' on input line 80.
Package rerunfilecheck Info: File `Thesis.out' has not changed.
(rerunfilecheck)             Checksum: 250EE51DD2862DF32C8872E48F54745C;25611.
Package atveryend Info: Empty hook `AtVeryVeryEnd' on input line 80.
 ) 
Here is how much of TeX's memory you used:
 17033 strings out of 493013
 258220 string characters out of 6133342
 360604 words of memory out of 5000000
 19592 multiletter control sequences out of 15000+600000
 17163 words of font info for 65 fonts, out of 8000000 for 9000
 1141 hyphenation exceptions out of 8191
 49i,18n,47p,3041b,765s stack positions out of 5000i,500n,10000p,200000b,80000s
</usr/local/texlive/2016/texmf-dist/fonts/type1/public/amsfonts/cm/cmbx10.pfb
></usr/local/texlive/2016/texmf-dist/fonts/type1/public/amsfonts/cm/cmbx12.pfb>
</usr/local/texlive/2016/texmf-dist/fonts/type1/public/amsfonts/cm/cmcsc10.pfb>
</usr/local/texlive/2016/texmf-dist/fonts/type1/public/amsfonts/cm/cmex10.pfb><
/usr/local/texlive/2016/texmf-dist/fonts/type1/public/amsfonts/cm/cmmi10.pfb></
usr/local/texlive/2016/texmf-dist/fonts/type1/public/amsfonts/cm/cmr10.pfb></us
r/local/texlive/2016/texmf-dist/fonts/type1/public/amsfonts/cm/cmr12.pfb></usr/
local/texlive/2016/texmf-dist/fonts/type1/public/amsfonts/cm/cmsl10.pfb></usr/l
ocal/texlive/2016/texmf-dist/fonts/type1/public/amsfonts/cm/cmsy10.pfb></usr/lo
cal/texlive/2016/texmf-dist/fonts/type1/public/amsfonts/cm/cmti10.pfb>
Output written on Thesis.pdf (230 pages, 44691439 bytes).
PDF statistics:
 4361 PDF objects out of 5155 (max. 8388607)
 3921 compressed objects within 40 object streams
 604 named destinations out of 1000 (max. 500000)
 1370 words of extra memory for PDF output out of 10000 (max. 10000000)

