This is pdfTeX, Version 3.14159265-2.6-1.40.17 (TeX Live 2016) (preloaded format=pdflatex 2016.10.14)  29 JUL 2018 08:10
entering extended mode
 \write18 enabled.
 %&-line parsing enabled.
**tgis.tex
(./tgis.tex
LaTeX2e <2016/03/31> patch level 3
Babel <3.9r> and hyphenation patterns for 83 language(s) loaded.
! Undefined control sequence.
l.1 \chapter
            {Spatio-Temporal Software} %7770
? 
! Emergency stop.
l.1 \chapter
            {Spatio-Temporal Software} %7770
End of file on the terminal!

 
Here is how much of TeX's memory you used:
 5 strings out of 493013
 115 string characters out of 6133342
 53632 words of memory out of 5000000
 3649 multiletter control sequences out of 15000+600000
 3640 words of font info for 14 fonts, out of 8000000 for 9000
 1141 hyphenation exceptions out of 8191
 5i,0n,1p,51b,8s stack positions out of 5000i,500n,10000p,200000b,80000s
!  ==> Fatal error occurred, no output PDF file produced!
